"../../../Engine/Content/ArtTools/RenderToTexture/Enums/RenderToTexture_Enum.uasset" 0
"../../../Engine/Content/ArtTools/RenderToTexture/Enums/RenderToTexture_Flipbook_Enum.uasset" 1
"../../../Engine/Content/ArtTools/RenderToTexture/Enums/RenderToTexture_Imposter_Enum.uasset" 2
"../../../Engine/Content/EditorBlueprintResources/StandardMacros.uasset" 3
"../../../Engine/Content/ArtTools/RenderToTexture/Enums/EIntTypes.uasset" 4
"../../../Engine/Content/ArtTools/RenderToTexture/Macros/RenderToTextureFunctionLibrary.uasset" 5
"../../../Engine/Content/ArtTools/RenderToTexture/Enums/EFloatTypes.uasset" 6
"../../../Engine/Content/ArtTools/RenderToTexture/Macros/RenderToTextureMacros.uasset" 7
"../../../Engine/Content/Functions/Engine_MaterialFunctions01/Opacity/CameraDepthFade.uasset" 8
"../../../Engine/Content/EngineMaterials/T_Default_Material_Grid_M.uasset" 9
"../../../Engine/Content/EngineMaterials/T_Default_Material_Grid_N.uasset" 10
"../../../Engine/Content/EngineMaterials/WorldGridMaterial.uasset" 11
"../../../Engine/Content/ArtTools/RenderToTexture/Meshes/S_1_Unit_Plane.uasset" 12
"../../../Engine/Content/EngineMaterials/DefaultMaterial.uasset" 13
"../../../Engine/Content/BasicShapes/Cone.uasset" 14
"../../../Engine/Content/BasicShapes/Cube.uasset" 15
"../../../Engine/Content/BasicShapes/Cylinder.uasset" 16
"../../../Engine/Content/BasicShapes/Plane.uasset" 17
"../../../Engine/Content/BasicShapes/Sphere.uasset" 18
"../../../Engine/Content/EngineMaterials/DefaultPhysicalMaterial.uasset" 19
"../../../Engine/Content/BufferVisualization/AmbientOcclusion.uasset" 20
"../../../Engine/Content/BufferVisualization/BaseColor.uasset" 21
"../../../Engine/Content/BufferVisualization/CustomDepth.uasset" 22
"../../../Engine/Content/Functions/Engine_MaterialFunctions02/Utility/VectorLength.uasset" 23
"../../../Engine/Content/BufferVisualization/CustomDepthWorldUnits.uasset" 24
"../../../Engine/Content/Functions/Engine_MaterialFunctions02/Utility/BreakOutFloat2Components.uasset" 25
"../../../Engine/Content/Functions/Engine_MaterialFunctions01/Texturing/ScaleUVsByCenter.uasset" 26
"../../../Engine/Content/Functions/Engine_MaterialFunctions02/ScreenResolution.uasset" 27
"../../../Engine/Content/Functions/Engine_MaterialFunctions02/Texturing/ScreenAlignedUVs.uasset" 28
"../../../Engine/Content/Functions/Engine_MaterialFunctions02/Utility/MakeFloat2.uasset" 29
"../../../Engine/Content/Functions/Engine_MaterialFunctions02/Utility/MakeFloat3.uasset" 30
"../../../Engine/Content/EngineMaterials/MiniFont.uasset" 31
"../../../Engine/Content/BufferVisualization/CustomStencil.uasset" 32
"../../../Engine/Content/BufferVisualization/FinalImage.uasset" 33
"../../../Engine/Content/BufferVisualization/LightingModel.uasset" 34
"../../../Engine/Content/BufferVisualization/MaterialAO.uasset" 35
"../../../Engine/Content/BufferVisualization/Metallic.uasset" 36
"../../../Engine/Content/BufferVisualization/Opacity.uasset" 37
"../../../Engine/Content/BufferVisualization/PostTonemapHDRColor.uasset" 38
"../../../Engine/Content/BufferVisualization/PreTonemapHDRColor.uasset" 39
"../../../Engine/Content/BufferVisualization/Roughness.uasset" 40
"../../../Engine/Content/BufferVisualization/SceneColor.uasset" 41
"../../../Engine/Content/BufferVisualization/SceneDepth.uasset" 42
"../../../Engine/Content/BufferVisualization/SceneDepthWorldUnits.uasset" 43
"../../../Engine/Content/BufferVisualization/SeparateTranslucencyA.uasset" 44
"../../../Engine/Content/BufferVisualization/SeparateTranslucencyRGB.uasset" 45
"../../../Engine/Content/BufferVisualization/Specular.uasset" 46
"../../../Engine/Content/BufferVisualization/SubsurfaceColor.uasset" 47
"../../../Engine/Content/BufferVisualization/WorldNormal.uasset" 48
"../../../Engine/Content/EditorLandscapeResources/DataLayer.uasset" 49
"../../../Engine/Content/EditorLandscapeResources/DefaultAlphaTexture.uasset" 50
"../../../Engine/Content/EditorLandscapeResources/LandscapeGizmoHeight_Mat.uasset" 51
"../../../Engine/Content/EditorLandscapeResources/LandscapeGizmo_Mat.uasset" 52
"../../../Engine/Content/EditorLandscapeResources/LandscapeGizmo_Mat_Copied.uasset" 53
"../../../Engine/Content/EditorLandscapeResources/SplineEditorMeshMat.uasset" 54
"../../../Engine/Content/EditorLandscapeResources/SplineEditorMesh.uasset" 55
"../../../Engine/Content/EditorMaterials/Cross.uasset" 56
"../../../Engine/Content/EditorMaterials/Cross_Mat.uasset" 57
"../../../Engine/Content/EditorMaterials/GizmoMaterial.uasset" 58
"../../../Engine/Content/Functions/Engine_MaterialFunctions02/Utility/Sign.uasset" 59
"../../../Engine/Content/Functions/Engine_MaterialFunctions02/Utility/Round.uasset" 60
"../../../Engine/Content/Functions/Engine_MaterialFunctions02/ExampleContent/Textures/flipbook.uasset" 61
"../../../Engine/Content/Functions/Engine_MaterialFunctions02/Texturing/FlipBook.uasset" 62
"../../../Engine/Content/EditorResources/T_EditorHelp.uasset" 63
"../../../Engine/Content/EditorMaterials/HelpActorMaterial.uasset" 64
"../../../Engine/Content/EditorMaterials/CompositeARGBLayer.uasset" 65
"../../../Engine/Content/EditorMaterials/TilingAALineIntegral.uasset" 66
"../../../Engine/Content/EditorMaterials/TilingAALineBoxFiltered.uasset" 67
"../../../Engine/Content/Functions/Engine_MaterialFunctions03/Procedurals/ComputeFilterWidth.uasset" 68
"../../../Engine/Content/EditorMaterials/TilingAADots.uasset" 69
"../../../Engine/Content/EditorMaterials/Cascade/CASC_Cross.uasset" 70
"../../../Engine/Content/EditorMaterials/Cascade/CASC_None.uasset" 71
"../../../Engine/Content/Functions/Engine_MaterialFunctions03/Blends/Blend_Screen.uasset" 72
"../../../Engine/Content/EditorMaterials/TilingAAGrid.uasset" 73
"../../../Engine/Content/EditorMaterials/LevelGridMaterial.uasset" 74
"../../../Engine/Content/EditorMaterials/MakeCompositeARGBLayer.uasset" 75
"../../../Engine/Content/EditorResources/LevelGrid1DStripes.uasset" 76
"../../../Engine/Content/EditorMaterials/TextureGridCascaded1D.uasset" 77
"../../../Engine/Content/EditorMaterials/TextureGridCascaded2D.uasset" 78
"../../../Engine/Content/EditorMaterials/LevelGridMaterial2.uasset" 79
"../../../Engine/Content/EditorMaterials/MAT_Groups_Toggle.uasset" 80
"../../../Engine/Content/EditorMaterials/MAT_Groups_Visibility.uasset" 81
"../../../Engine/Content/EditorMaterials/AntialiasedGridFloor.uasset" 82
"../../../Engine/Content/EditorResources/TilePatine_D.uasset" 83
"../../../Engine/Content/EditorResources/TilePatine_N.uasset" 84
"../../../Engine/Content/EngineMaterials/Grid.uasset" 85
"../../../Engine/Content/EditorMaterials/PersonaFloorMat.uasset" 86
"../../../Engine/Content/EditorMaterials/PhAT_BoneSelectedMaterial.uasset" 87
"../../../Engine/Content/EditorMaterials/PhAT_ElemSelectedMaterial.uasset" 88
"../../../Engine/Content/EditorMaterials/PhAT_NoCollisionMaterial.uasset" 89
"../../../Engine/Content/EditorMaterials/PhAT_UnselectedMaterial.uasset" 90
"../../../Engine/Content/EditorMaterials/PreviewShadowIndicator.uasset" 91
"../../../Engine/Content/EditorMaterials/PreviewShadowIndicatorMaterial.uasset" 92
"../../../Engine/Content/EditorMaterials/TargetIcon.uasset" 93
"../../../Engine/Content/EditorMaterials/Tick.uasset" 94
"../../../Engine/Content/EditorMaterials/Tick_Mat.uasset" 95
"../../../Engine/Content/EditorMaterials/WidgetGridVertexColorMaterial.uasset" 96
"../../../Engine/Content/EditorMaterials/WidgetGridVertexColorMaterial_Ma.uasset" 97
"../../../Engine/Content/EditorMaterials/WidgetMaterial.uasset" 98
"../../../Engine/Content/EditorMaterials/WidgetMaterial_Current.uasset" 99
"../../../Engine/Content/EditorMaterials/WidgetMaterial_X.uasset" 100
"../../../Engine/Content/EditorMaterials/WidgetMaterial_Y.uasset" 101
"../../../Engine/Content/EditorMaterials/WidgetMaterial_Z.uasset" 102
"../../../Engine/Content/EditorMaterials/WidgetVertexColorMaterial.uasset" 103
"../../../Engine/Content/EditorMaterials/MatineeGroups/MAT_ColorTrack.uasset" 104
"../../../Engine/Content/EditorMaterials/MatineeGroups/MAT_Groups_Anim.uasset" 105
"../../../Engine/Content/EditorMaterials/MatineeGroups/MAT_Groups_AudioMaster.uasset" 106
"../../../Engine/Content/EditorMaterials/MatineeGroups/MAT_Groups_Director.uasset" 107
"../../../Engine/Content/EditorMaterials/MatineeGroups/MAT_Groups_Event.uasset" 108
"../../../Engine/Content/EditorMaterials/MatineeGroups/MAT_Groups_Fade.uasset" 109
"../../../Engine/Content/EditorMaterials/MatineeGroups/MAT_Groups_Float.uasset" 110
"../../../Engine/Content/EditorMaterials/MatineeGroups/MAT_Groups_Move.uasset" 111
"../../../Engine/Content/EditorMaterials/MatineeGroups/MAT_Groups_Slomo.uasset" 112
"../../../Engine/Content/EditorMaterials/MatineeGroups/MAT_Groups_Sound.uasset" 113
"../../../Engine/Content/EditorMaterials/MatineeGroups/MAT_Groups_Vector.uasset" 114
"../../../Engine/Content/EditorMaterials/ParticleSystems/PSysThumbnail_NoImage.uasset" 115
"../../../Engine/Content/EditorMaterials/ParticleSystems/PSysThumbnail_OOD.uasset" 116
"../../../Engine/Content/EditorMaterials/Thumbnails/FloorPlaneMaterial.uasset" 117
"../../../Engine/Content/EditorMeshes/EditorCube.uasset" 118
"../../../Engine/Content/EditorMeshes/EditorCylinder.uasset" 119
"../../../Engine/Content/EditorMeshes/EditorPlane.uasset" 120
"../../../Engine/Content/EditorMaterials/Thumbnails/SkySphereMaterial.uasset" 121
"../../../Engine/Content/EditorMeshes/EditorSkySphere.uasset" 122
"../../../Engine/Content/EditorMeshes/EditorSphere.uasset" 123
"../../../Engine/Content/EditorResources/MatineeCam_D.uasset" 124
"../../../Engine/Content/EditorMaterials/MatineeCam_mat.uasset" 125
"../../../Engine/Content/EditorMeshes/MatineeCam_SM.uasset" 126
"../../../Engine/Content/Functions/Engine_MaterialFunctions01/Shading/ConvertFromDiffSpec.uasset" 127
"../../../Engine/Content/EditorMaterials/GridMaterial.uasset" 128
"../../../Engine/Content/EditorMeshes/PhAT_FloorBox.uasset" 129
"../../../Engine/Content/EditorMaterials/Camera/CineMat.uasset" 130
"../../../Engine/Content/EditorMaterials/Camera/MI_CineMat_CameraBody.uasset" 131
"../../../Engine/Content/EngineDebugMaterials/M_SimpleOpaque.uasset" 132
"../../../Engine/Content/EditorMaterials/Camera/MI_CineMat_CamViewFinder.uasset" 133
"../../../Engine/Content/EditorMeshes/Camera/SM_CineCam.uasset" 134
"../../../Engine/Content/EditorMaterials/Camera/MI_CineMat_Rig.uasset" 135
"../../../Engine/Content/EditorMeshes/Camera/SM_CraneRig_Arm.uasset" 136
"../../../Engine/Content/EditorMeshes/Camera/SM_CraneRig_Base.uasset" 137
"../../../Engine/Content/EditorMeshes/Camera/SM_CraneRig_Body.uasset" 138
"../../../Engine/Content/EditorMeshes/Camera/SM_CraneRig_Mount.uasset" 139
"../../../Engine/Content/EditorMeshes/Camera/SM_RailRig_Mount.uasset" 140
"../../../Engine/Content/EditorMeshes/Camera/SM_RailRig_Track.uasset" 141
"../../../Engine/Content/EditorMeshes/ColorCalibrator/M_ChromeBall.uasset" 142
"../../../Engine/Content/EditorMeshes/ColorCalibrator/M_ClearCoat.uasset" 143
"../../../Engine/Content/EditorMeshes/ColorCalibrator/M_ClearCoatBlack.uasset" 144
"../../../Engine/Content/EditorMeshes/ColorCalibrator/Color_checker.uasset" 145
"../../../Engine/Content/EditorMeshes/ColorCalibrator/M_ColorGrid.uasset" 146
"../../../Engine/Content/EditorMeshes/ColorCalibrator/M_GreyBall.uasset" 147
"../../../Engine/Content/EditorMeshes/ColorCalibrator/SM_ColorCalibrator.uasset" 148
"../../../Engine/Content/EditorResources/Bad.uasset" 149
"../../../Engine/Content/EditorResources/BSPVertex.uasset" 150
"../../../Engine/Content/EditorResources/EmptyActor.uasset" 151
"../../../Engine/Content/EditorResources/MatInstActSprite.uasset" 152
"../../../Engine/Content/EditorResources/SceneManager.uasset" 153
"../../../Engine/Content/EditorResources/SmallFont.uasset" 154
"../../../Engine/Content/EditorResources/S_Actor.uasset" 155
"../../../Engine/Content/EditorResources/S_DecalActorIcon.uasset" 156
"../../../Engine/Content/EditorResources/S_Emitter.uasset" 157
"../../../Engine/Content/EditorResources/S_ExpoHeightFog.uasset" 158
"../../../Engine/Content/EditorResources/S_FTest.uasset" 159
"../../../Engine/Content/EditorResources/S_KBSJoint.uasset" 160
"../../../Engine/Content/EditorResources/S_KHinge.uasset" 161
"../../../Engine/Content/EditorResources/S_KPrismatic.uasset" 162
"../../../Engine/Content/EditorResources/S_LevelSequence.uasset" 163
"../../../Engine/Content/EditorResources/S_NavP.uasset" 164
"../../../Engine/Content/EditorResources/S_Note.uasset" 165
"../../../Engine/Content/EditorResources/S_Player.uasset" 166
"../../../Engine/Content/EditorResources/S_PortalActorIcon2.uasset" 167
"../../../Engine/Content/EditorResources/S_RadForce.uasset" 168
"../../../Engine/Content/EditorResources/S_ReflActorIcon.uasset" 169
"../../../Engine/Content/EditorResources/S_Terrain.uasset" 170
"../../../Engine/Content/EditorResources/S_TextRenderActorIcon.uasset" 171
"../../../Engine/Content/EditorResources/S_Thruster.uasset" 172
"../../../Engine/Content/EditorResources/S_Trigger.uasset" 173
"../../../Engine/Content/EditorResources/S_VectorFieldVol.uasset" 174
"../../../Engine/Content/EditorResources/S_WindDirectional.uasset" 175
"../../../Engine/Content/EditorResources/AI/S_NavLink.uasset" 176
"../../../Engine/Content/EditorResources/AudioIcons/S_AudioComponent_AutoActivate.uasset" 177
"../../../Engine/Content/EditorResources/LightIcons/SkyLight.uasset" 178
"../../../Engine/Content/EditorResources/LightIcons/S_LightDirectional.uasset" 179
"../../../Engine/Content/EditorResources/LightIcons/S_LightDirectionalMove.uasset" 180
"../../../Engine/Content/EditorResources/LightIcons/S_LightError.uasset" 181
"../../../Engine/Content/EditorResources/LightIcons/S_LightPoint.uasset" 182
"../../../Engine/Content/EditorResources/LightIcons/S_LightPointMove.uasset" 183
"../../../Engine/Content/EditorResources/LightIcons/S_LightSpot.uasset" 184
"../../../Engine/Content/EditorResources/LightIcons/S_LightSpotMove.uasset" 185
"../../../Engine/Content/EditorResources/SequenceRecorder/Countdown.uasset" 186
"../../../Engine/Content/EditorResources/SequenceRecorder/RecordingIndicator.uasset" 187
"../../../Engine/Content/EditorResources/Spline/T_Loft_Spline.uasset" 188
"../../../Engine/Content/EditorSounds/Notifications/CompileFailed.uasset" 189
"../../../Engine/Content/EditorSounds/Notifications/CompileFailed_Cue.uasset" 190
"../../../Engine/Content/EditorSounds/Notifications/CompileSuccess.uasset" 191
"../../../Engine/Content/EditorSounds/Notifications/CompileStart_Cue.uasset" 192
"../../../Engine/Content/EditorSounds/Notifications/CompileSuccess_Cue.uasset" 193
"../../../Engine/Content/EngineDamageTypes/DmgTypeBP_Environmental.uasset" 194
"../../../Engine/Content/EngineDebugMaterials/HeatmapGradient.uasset" 195
"../../../Engine/Content/EngineDebugMaterials/BoneWeightMaterial.uasset" 196
"../../../Engine/Content/EngineDebugMaterials/ClothMaterial.uasset" 197
"../../../Engine/Content/EngineDebugMaterials/ClothMaterial_WF.uasset" 198
"../../../Engine/Content/EngineDebugMaterials/DebugEditorMaterial.uasset" 199
"../../../Engine/Content/EngineDebugMaterials/DebugMeshMaterial.uasset" 200
"../../../Engine/Content/EngineDebugMaterials/GeomMaterial.uasset" 201
"../../../Engine/Content/EngineDebugMaterials/LevelColorationLitMaterial.uasset" 202
"../../../Engine/Content/EngineDebugMaterials/LevelColorationUnlitMaterial.uasset" 203
"../../../Engine/Content/EngineMaterials/DefaultWhiteGrid.uasset" 204
"../../../Engine/Content/EngineDebugMaterials/MAT_LevelColorationLitLightmapUV.uasset" 205
"../../../Engine/Content/EngineDebugMaterials/M_SimpleTranslucent.uasset" 206
"../../../Engine/Content/EngineDebugMaterials/ShadedLevelColorationLitMaterial.uasset" 207
"../../../Engine/Content/EngineDebugMaterials/ShadedLevelColorationUnlitMateri.uasset" 208
"../../../Engine/Content/EngineDebugMaterials/VertexColorMaterial.uasset" 209
"../../../Engine/Content/EngineDebugMaterials/VertexColorViewMode_AlphaAsColor.uasset" 210
"../../../Engine/Content/EngineDebugMaterials/VertexColorViewMode_BlueOnly.uasset" 211
"../../../Engine/Content/EngineDebugMaterials/VertexColorViewMode_ColorOnly.uasset" 212
"../../../Engine/Content/EngineDebugMaterials/VertexColorViewMode_GreenOnly.uasset" 213
"../../../Engine/Content/EngineDebugMaterials/VertexColorViewMode_RedOnly.uasset" 214
"../../../Engine/Content/EngineDebugMaterials/WireframeMaterial.uasset" 215
"../../../Engine/Content/EngineFonts/Faces/RobotoBold.uasset" 216
"../../../Engine/Content/EngineFonts/Faces/RobotoBoldItalic.uasset" 217
"../../../Engine/Content/EngineFonts/Faces/RobotoItalic.uasset" 218
"../../../Engine/Content/EngineFonts/Faces/RobotoLight.uasset" 219
"../../../Engine/Content/EngineFonts/Faces/RobotoRegular.uasset" 220
"../../../Engine/Content/EngineFonts/Roboto.uasset" 221
"../../../Engine/Content/EngineFonts/Faces/RobotoTiny.uasset" 222
"../../../Engine/Content/EngineFonts/RobotoTiny.uasset" 223
"../../../Engine/Content/EngineFonts/SmallFont.uasset" 224
"../../../Engine/Content/EngineFonts/TinyFont.uasset" 225
"../../../Engine/Content/EngineResources/WhiteSquareTexture.uasset" 226
"../../../Engine/Content/EngineMaterials/BlinkingCaret.uasset" 227
"../../../Engine/Content/EngineMaterials/DefaultBloomKernel.uasset" 228
"../../../Engine/Content/EngineMaterials/DefaultBokeh.uasset" 229
"../../../Engine/Content/EngineMaterials/DefaultDiffuse.uasset" 230
"../../../Engine/Content/EngineMaterials/DefaultDeferredDecalMaterial.uasset" 231
"../../../Engine/Content/EngineMaterials/DefaultLightFunctionMaterial.uasset" 232
"../../../Engine/Content/EngineMaterials/DefaultNormal.uasset" 233
"../../../Engine/Content/EngineMaterials/DefaultPostProcessMaterial.uasset" 234
"../../../Engine/Content/EngineFonts/RobotoDistanceField.uasset" 235
"../../../Engine/Content/EngineMaterials/DefaultTextMaterialOpaque.uasset" 236
"../../../Engine/Content/EngineMaterials/EditorBrushMaterial.uasset" 237
"../../../Engine/Content/EngineMaterials/Good64x64TilingNoiseHighFreq.uasset" 238
"../../../Engine/Content/EngineMaterials/Grid_N.uasset" 239
"../../../Engine/Content/EngineMaterials/HighResolutionScreenshotMaskFunction.uasset" 240
"../../../Engine/Content/EngineMaterials/HighResScreenshot.uasset" 241
"../../../Engine/Content/EngineMaterials/HighResScreenshotCaptureRegion.uasset" 242
"../../../Engine/Content/EngineMaterials/HighResScreenshotMask.uasset" 243
"../../../Engine/Content/EngineMaterials/LandscapeHolePhysicalMaterial.uasset" 244
"../../../Engine/Content/EngineMaterials/InvalidLightmapSettings.uasset" 245
"../../../Engine/Content/EngineMaterials/M_InvalidLightmapSettings.uasset" 246
"../../../Engine/Content/EngineMaterials/PaperDiffuse.uasset" 247
"../../../Engine/Content/EngineMaterials/PaperNormal.uasset" 248
"../../../Engine/Content/Functions/Engine_MaterialFunctions02/WorldPositionOffset/CameraOffset.uasset" 249
"../../../Engine/Content/EngineMaterials/PhAT_JointLimitMaterial.uasset" 250
"../../../Engine/Content/EngineMaterials/PhysMat_Rubber.uasset" 251
"../../../Engine/Content/EngineMaterials/PreintegratedSkinBRDF.uasset" 252
"../../../Engine/Content/EngineMaterials/RemoveSurfaceMaterial.uasset" 253
"../../../Engine/Content/EngineMaterials/WeightMapPlaceholderTexture.uasset" 254
"../../../Engine/Content/EngineMaterials/Widget3DPassThrough.uasset" 255
"../../../Engine/Content/EngineMaterials/Widget3DPassThrough_Masked.uasset" 256
"../../../Engine/Content/EngineMaterials/Widget3DPassThrough_Opaque.uasset" 257
"../../../Engine/Content/EngineMaterials/Widget3DPassThrough_Masked_OneSided.uasset" 258
"../../../Engine/Content/EngineMaterials/Widget3DPassThrough_Opaque_OneSided.uasset" 259
"../../../Engine/Content/EngineMaterials/Widget3DPassThrough_Translucent.uasset" 260
"../../../Engine/Content/EngineMaterials/Widget3DPassThrough_Translucent_OneSided.uasset" 261
"../../../Engine/Content/EngineMeshes/Cube.uasset" 262
"../../../Engine/Content/EngineMeshes/Cylinder.uasset" 263
"../../../Engine/Content/EngineMeshes/Sphere.uasset" 264
"../../../Engine/Content/EngineResources/DefaultTexture.uasset" 265
"../../../Engine/Content/EngineResources/DefaultTextureCube.uasset" 266
"../../../Engine/Content/EngineResources/GradientTexture0.uasset" 267
"../../../Engine/Content/EngineResources/StreamingPauseIcon.uasset" 268
"../../../Engine/Content/EngineResources/M_StreamingPause.uasset" 269
"../../../Engine/Content/EngineSounds/Master.uasset" 270
"../../../Engine/Content/Functions/Engine_MaterialFunctions01/Shading/PowerToRoughness.uasset" 271
"../../../Engine/Content/Maps/Templates/Thumbnails/Default.uasset" 272
"../../../Engine/Content/Maps/Templates/Thumbnails/VR-Basic.uasset" 273
"../../../Engine/Content/MapTemplates/Sky/DaylightAmbientCubemap.uasset" 274
"../../../Engine/Content/MobileResources/T_MobileControls_texture.uasset" 275
"../../../Engine/Content/MobileResources/T_MobileMenu2.uasset" 276
"../../../Engine/Content/MobileResources/HUD/AnalogHat.uasset" 277
"../../../Engine/Content/MobileResources/HUD/VirtualJoystick_Background.uasset" 278
"../../../Engine/Content/MobileResources/HUD/VirtualJoystick_Thumb.uasset" 279
"../../../Engine/Content/MobileResources/HUD/DefaultVirtualJoysticks.uasset" 280
"../../../Engine/Content/MobileResources/HUD/LeftVirtualJoystickOnly.uasset" 281
"../../../Engine/Content/MobileResources/HUD/MobileHUDButton1_off.uasset" 282
"../../../Engine/Content/MobileResources/HUD/MobileHUDButton1_on.uasset" 283
"../../../Engine/Content/MobileResources/HUD/MobileHUDButton2_off.uasset" 284
"../../../Engine/Content/MobileResources/HUD/MobileHUDButton2_on.uasset" 285
"../../../Engine/Content/MobileResources/HUD/MobileHUDButton3.uasset" 286
"../../../Engine/Content/MobileResources/HUD/MobileHUDButtonFire.uasset" 287
"../../../Engine/Content/MobileResources/HUD/MobileHUDDirectionPad.uasset" 288
"../../../Engine/Content/MobileResources/HUD/MobileHUDDirectionPad2.uasset" 289
"../../../Engine/Content/MobileResources/HUD/MobileHUDDirectionPad3.uasset" 290
"../../../Engine/Content/MobileResources/HUD/MobileHUDDirectionStick.uasset" 291
"../../../Engine/Content/MobileResources/HUD/T_Castle_ThumbstickInner.uasset" 292
"../../../Engine/Content/MobileResources/HUD/T_Castle_ThumbstickOutter.uasset" 293
"../../../Engine/Content/Tutorial/ContentIntroCurve.uasset" 294
"../../../Engine/Content/Tutorial/Basics/TutorialAssets/CameraActor_64x.uasset" 295
"../../../Engine/Content/Tutorial/Basics/TutorialAssets/icon_tab_Levels_40x.uasset" 296
"../../../Engine/Content/Tutorial/BlueprintTutorials/TutorialAssets/BlueprintInterface_64x.uasset" 297
"../../../Engine/Content/Tutorial/BlueprintTutorials/TutorialAssets/BlueprintMacroLibrary_64x.uasset" 298
"../../../Engine/Content/Tutorial/BlueprintTutorials/TutorialAssets/Blueprint_64x.uasset" 299
"../../../Engine/Content/EditorBlueprintResources/ActorMacros.uasset" 300
"../../../Engine/Content/Tutorial/BlueprintTutorials/TutorialAssets/Tutorial_BP_Class.uasset" 301
"../../../Engine/Content/Tutorial/BlueprintTutorials/TutorialAssets/Tutorial_BP_Interface.uasset" 302
"../../../Engine/Content/Tutorial/Foliage/TutorialAssets/Foliage.uasset" 303
"../../../Engine/Content/Tutorial/Landscape/TutorialAssets/Landscape.uasset" 304
"../../../Engine/Content/Tutorial/Mobile/TutorialAssets/android_Icon.uasset" 305
"../../../Engine/Content/Tutorial/Mobile/TutorialAssets/IOS.uasset" 306
"../../../Engine/Content/Tutorial/Paper2D/TutorialAssets/Paper2DFlipbook_TutorialIcon.uasset" 307
"../../../Engine/Content/Tutorial/Paper2D/TutorialAssets/Paper2DSprite_TutorialIcon.uasset" 308
"../../../Engine/Content/Tutorial/SubEditors/TutorialAssets/icon_Editor_Preferences_General_40x.uasset" 309
"../../../Engine/Content/Tutorial/SubEditors/TutorialAssets/icon_ShowSkeletalMeshes_40x.uasset" 310
"../../../Engine/Content/Tutorial/SubEditors/TutorialAssets/TutorialMaterial.uasset" 311
"../../../Engine/Content/Tutorial/SubEditors/TutorialAssets/T_SmokeSubUV_8X8.uasset" 312
"../../../Engine/Content/Tutorial/SubEditors/TutorialAssets/T_soft_smoke.uasset" 313
"../../../Engine/Content/Tutorial/SubEditors/TutorialAssets/M_smoke_subUV_blackbody.uasset" 314
"../../../Engine/Content/Tutorial/SubEditors/TutorialAssets/TutorialParticleSystem.uasset" 315
"../../../Engine/Content/VREditor/Devices/Generic/GenericHMDMaterial.uasset" 316
"../../../Engine/Content/VREditor/Devices/Generic/GenericHMD.uasset" 317
"../../../Engine/Content/VREditor/FloatingText/LineMaterial.uasset" 318
"../../../Engine/Content/VREditor/FloatingText/JointSphere.uasset" 319
"../../../Engine/Content/VREditor/FloatingText/LineSegmentCylinder.uasset" 320
"../../../Engine/Content/VREditor/Fonts/VRText_RobotoLarge.uasset" 321
"../../../Engine/Content/VREditor/Fonts/VRTextMaterial.uasset" 322
"../../../Engine/Content/VREditor/Fonts/TranslucentVRTextMaterial.uasset" 323
"../../../Engine/Content/VREditor/LaserPointer/CursorPointer.uasset" 324
"../../../Engine/Content/VREditor/LaserPointer/VR_LaserPower_01.uasset" 325
"../../../Engine/Content/VREditor/TransformGizmo/TransformGizmoMaterial.uasset" 326
"../../../Engine/Content/VREditor/LaserPointer/HoverMaterial.uasset" 327
"../../../Engine/Content/VREditor/TransformGizmo/TranslucentTransformGizmoMaterial.uasset" 328
"../../../Engine/Content/VREditor/LaserPointer/TranslucentHoverMaterial.uasset" 329
"../../../Engine/Content/VREditor/LaserPointer/HoverMesh.uasset" 330
"../../../Engine/Content/VREditor/LaserPointer/LaserPointerMaterial.uasset" 331
"../../../Engine/Content/VREditor/LaserPointer/LaserPointerMaterialInst.uasset" 332
"../../../Engine/Content/VREditor/LaserPointer/TranslucentLaserPointerMaterialInst.uasset" 333
"../../../Engine/Content/VREditor/LaserPointer/LaserPointerMesh.uasset" 334
"../../../Engine/Content/VREditor/LaserPointer/LaserPointerMesh_End.uasset" 335
"../../../Engine/Content/VREditor/LaserPointer/LaserPointerMesh_Start.uasset" 336
"../../../Engine/Content/Functions/Engine_MaterialFunctions02/Utility/BreakOutFloat3Components.uasset" 337
"../../../Engine/Content/Functions/Engine_MaterialFunctions02/Math/Transform3x3Matrix.uasset" 338
"../../../Engine/Content/Functions/Engine_MaterialFunctions02/SplitComponents.uasset" 339
"../../../Engine/Content/VREditor/SnapGrid/SnapGridMaterial.uasset" 340
"../../../Engine/Content/VREditor/SnapGrid/SnapGridPlaneMesh.uasset" 341
"../../../Engine/Content/VREditor/Sounds/VR_teleport.uasset" 342
"../../../Engine/Content/VREditor/Sounds/UI/Click_on_Button_Cue.uasset" 343
"../../../Engine/Content/VREditor/Sounds/UI/Dockable_Window_Close.uasset" 344
"../../../Engine/Content/VREditor/Sounds/UI/Dockable_Window_Drop.uasset" 345
"../../../Engine/Content/VREditor/Sounds/UI/Dockable_Window_Open.uasset" 346
"../../../Engine/Content/VREditor/Sounds/UI/Dockable_Window_Pick_Up.uasset" 347
"../../../Engine/Content/VREditor/Sounds/UI/Drop_Item_From_ContentBrowser.uasset" 348
"../../../Engine/Content/VREditor/Sounds/UI/Floating_UI_Open-001.uasset" 349
"../../../Engine/Content/VREditor/Sounds/UI/Gizmo_Handle_Clicked.uasset" 350
"../../../Engine/Content/VREditor/Sounds/UI/Object_PickUp.uasset" 351
"../../../Engine/Content/VREditor/Sounds/UI/Object_Snaps_To_Another_Actor.uasset" 352
"../../../Engine/Content/VREditor/Sounds/UI/Object_Snaps_To_Grid.uasset" 353
"../../../Engine/Content/VREditor/Sounds/UI/Radial_Menu_FadeOut.uasset" 354
"../../../Engine/Content/VREditor/Sounds/UI/Scaling_Down.uasset" 355
"../../../Engine/Content/VREditor/Sounds/UI/Scaling_Up.uasset" 356
"../../../Engine/Content/VREditor/Sounds/UI/Selection_Changes.uasset" 357
"../../../Engine/Content/VREditor/Sounds/UI/Teleport_Mode_Entered.uasset" 358
"../../../Engine/Content/VREditor/Teleport/TeleportDirectionMaterial.uasset" 359
"../../../Engine/Content/VREditor/Teleport/TeleportDirectionMaterial_Inst.uasset" 360
"../../../Engine/Content/VREditor/Teleport/TeleportDirectionMesh.uasset" 361
"../../../Engine/Content/VREditor/TransformGizmo/BoundingBoxCorner.uasset" 362
"../../../Engine/Content/VREditor/TransformGizmo/BoundingBoxEdge.uasset" 363
"../../../Engine/Content/VREditor/TransformGizmo/PlaneTranslationHandle.uasset" 364
"../../../Engine/Content/VREditor/TransformGizmo/RotationHandleFull.uasset" 365
"../../../Engine/Content/VREditor/TransformGizmo/RotationHandleIndicator.uasset" 366
"../../../Engine/Content/VREditor/TransformGizmo/RotationHandleQuarter.uasset" 367
"../../../Engine/Content/VREditor/TransformGizmo/Main.uasset" 368
"../../../Engine/Content/VREditor/TransformGizmo/Xray.uasset" 369
"../../../Engine/Content/VREditor/TransformGizmo/SM_Dialog_Close.uasset" 370
"../../../Engine/Content/VREditor/TransformGizmo/SM_Dialog_Move.uasset" 371
"../../../Engine/Content/VREditor/TransformGizmo/SM_Sequencer_Key.uasset" 372
"../../../Engine/Content/VREditor/TransformGizmo/SM_Sequencer_Node.uasset" 373
"../../../Engine/Content/VREditor/TransformGizmo/StartRotationHandleIndicator.uasset" 374
"../../../Engine/Content/VREditor/TransformGizmo/TranslucentTransformGizmoMaterial_Inst.uasset" 375
"../../../Engine/Content/VREditor/TransformGizmo/TransformGizmoFreeRotation.uasset" 376
"../../../Engine/Content/VREditor/TransformGizmo/TransformGizmoMaterial_Inst.uasset" 377
"../../../Engine/Content/VREditor/TransformGizmo/TranslateArrowHandle.uasset" 378
"../../../Engine/Content/VREditor/TransformGizmo/UniformScaleHandle.uasset" 379
"../../../Engine/Content/VREditor/UI/KeyDiskMaterial.uasset" 380
"../../../Engine/Content/VREditor/UI/DiscMaterial.uasset" 381
"../../../Engine/Content/VREditor/UI/SM_Radial_Disk.uasset" 382
"../../../Engine/Content/Functions/Engine_MaterialFunctions01/Gradient/RadialGradient.uasset" 383
"../../../Engine/Content/VREditor/WorldMovementGrid/SimpleGrid.uasset" 384
"../../../Engine/Content/VREditor/WorldMovementGrid/GridMaterial.uasset" 385
"../../../Engine/Content/Functions/Engine_MaterialFunctions01/Density/ExponentialDensity.uasset" 386
"../../../Engine/Content/VREditor/WorldMovementGrid/GridPostProcess.uasset" 387
"../../../Engine/Content/EditorLandscapeResources/FlattenHeightMat.uasset" 388
"../../../Engine/Content/VREditor/WorldMovementGrid/PlaneMesh.uasset" 389
"../../../ProtoShoot1/Content/BPMain/Resource/Texture/Crosshair1.uasset" 390
"../../../ProtoShoot1/Content/BPMain/HUD/RailShootCrossHair_Current.uasset" 391
"../../../ProtoShoot1/Content/BPMain/HUD/Title/Title_SceneUI.uasset" 392
"../../../Engine/Plugins/2D/Paper2D/Content/PlaceholderTextures/DummySpriteTexture.uasset" 393
"../../../Engine/Plugins/2D/Paper2D/Content/DummySprite.uasset" 394
"../../../Engine/Plugins/2D/Paper2D/Content/DefaultPaperTerrainMaterial.uasset" 395
"../../../Engine/Plugins/2D/Paper2D/Content/DefaultSpriteMaterial.uasset" 396
"../../../Engine/Plugins/2D/Paper2D/Content/MaskedUnlitSpriteMaterial.uasset" 397
"../../../Engine/Plugins/2D/Paper2D/Content/OpaqueUnlitSpriteMaterial.uasset" 398
"../../../Engine/Plugins/Media/MediaCompositing/Content/DefaultMediaPlaneMaterial.uasset" 399
"../../../Engine/Content/Functions/Engine_MaterialFunctions02/Utility/MakeFloat4.uasset" 400
"../../../Engine/Plugins/Runtime/AppleARKit/Content/ARKitCameraMaterial.uasset" 401
"../../../Engine/Plugins/Runtime/Oculus/OculusVR/Content/Textures/GearVRController_AO.uasset" 402
"../../../Engine/Plugins/Runtime/Oculus/OculusVR/Content/Textures/GearVRController_Color.uasset" 403
"../../../Engine/Plugins/Runtime/Oculus/OculusVR/Content/Textures/GearVRController_Normal.uasset" 404
"../../../Engine/Plugins/Runtime/Oculus/OculusVR/Content/Materials/GearVRControllerMaterial.uasset" 405
"../../../Engine/Plugins/Runtime/Oculus/OculusVR/Content/Meshes/GearVrController.uasset" 406
"../../../Engine/Content/Maps/Entry.umap" 407
"../../../Engine/Content/EngineMeshes/Humanoid.uasset" 408
"../../../ProtoShoot1/Content/BPMain/Character/SATcharacter/Mesh/Soldier_Body_diffuse.uasset" 409
"../../../ProtoShoot1/Content/BPMain/Character/SATcharacter/Mesh/Soldier_Body_normal.uasset" 410
"../../../ProtoShoot1/Content/BPMain/Character/SATcharacter/Mesh/Soldier_Body_specular.uasset" 411
"../../../ProtoShoot1/Content/BPMain/Character/SATcharacter/Mesh/Soldier_body1.uasset" 412
"../../../ProtoShoot1/Content/BPMain/Character/SATcharacter/Mesh/Soldier_head_diffuse.uasset" 413
"../../../ProtoShoot1/Content/BPMain/Character/SATcharacter/Mesh/Soldier_head_normal.uasset" 414
"../../../ProtoShoot1/Content/BPMain/Character/SATcharacter/Mesh/Soldier_head_specular.uasset" 415
"../../../ProtoShoot1/Content/BPMain/Character/SATcharacter/Mesh/Soldier_head6.uasset" 416
"../../../ProtoShoot1/Content/BPMain/Character/SATcharacter/Mesh/Swat_PhysicsAsset.uasset" 417
"../../../ProtoShoot1/Content/BPMain/Character/SATcharacter/Mesh/Swat.uasset" 418
"../../../ProtoShoot1/Content/BPMain/Character/SATcharacter/Mesh/Swat_Skeleton.uasset" 419
"../../../ProtoShoot1/Content/BPMain/Character/SATcharacter/Animation/idle.uasset" 420
"../../../ProtoShoot1/Content/BPMain/Character/SATcharacter/Animation/idle_aiming.uasset" 421
"../../../ProtoShoot1/Content/BPMain/Character/SATcharacter/Animation/reloading_inPlace.uasset" 422
"../../../ProtoShoot1/Content/BPMain/Character/SATcharacter/Animation/run_backward_inPlace.uasset" 423
"../../../ProtoShoot1/Content/BPMain/Character/SATcharacter/Animation/run_forward_inPlace.uasset" 424
"../../../ProtoShoot1/Content/BPMain/Character/SATcharacter/Animation/run_left_inPlace.uasset" 425
"../../../ProtoShoot1/Content/BPMain/Character/SATcharacter/Animation/run_right_inPlace.uasset" 426
"../../../ProtoShoot1/Content/BPMain/Character/SATcharacter/Animation/walk_backward_inPlace.uasset" 427
"../../../ProtoShoot1/Content/BPMain/Character/SATcharacter/Animation/walk_forward_inPlace.uasset" 428
"../../../ProtoShoot1/Content/BPMain/Character/SATcharacter/Animation/walk_left_inPlace.uasset" 429
"../../../ProtoShoot1/Content/BPMain/Character/SATcharacter/Animation/walk_right_inPlace.uasset" 430
"../../../ProtoShoot1/Content/BPMain/Character/SATcharacter/BS_Sat.uasset" 431
"../../../ProtoShoot1/Content/BPMain/Character/SATcharacter/Animation/idle_crouching_aiming.uasset" 432
"../../../ProtoShoot1/Content/BPMain/Character/SATcharacter/Animation/walk_crouching_backward_inPlace.uasset" 433
"../../../ProtoShoot1/Content/BPMain/Character/SATcharacter/Animation/walk_crouching_forward_inPlace.uasset" 434
"../../../ProtoShoot1/Content/BPMain/Character/SATcharacter/Animation/walk_crouching_forward_left_inPlace.uasset" 435
"../../../ProtoShoot1/Content/BPMain/Character/SATcharacter/Animation/walk_crouching_forward_right_inPlace.uasset" 436
"../../../ProtoShoot1/Content/BPMain/Character/SATcharacter/BS_SatCrourch.uasset" 437
"../../../ProtoShoot1/Content/BPMain/Character/SATcharacter/Animation/run_forward_left_inPlace.uasset" 438
"../../../ProtoShoot1/Content/BPMain/Character/SATcharacter/Animation/run_forward_right_inPlace.uasset" 439
"../../../ProtoShoot1/Content/BPMain/Character/SATcharacter/Animation/sprint_backward_inPlace.uasset" 440
"../../../ProtoShoot1/Content/BPMain/Character/SATcharacter/Animation/sprint_forward_inPlace.uasset" 441
"../../../ProtoShoot1/Content/BPMain/Character/SATcharacter/Animation/sprint_forward_left_inPlace.uasset" 442
"../../../ProtoShoot1/Content/BPMain/Character/SATcharacter/Animation/sprint_forward_right_inPlace.uasset" 443
"../../../ProtoShoot1/Content/BPMain/Character/SATcharacter/BS_SatSprint.uasset" 444
"../../../Engine/Content/Functions/Engine_MaterialFunctions02/Utility/BlendAngleCorrectedNormals.uasset" 445
"../../../Engine/Content/Functions/MaterialLayerFunctions/MatLayerBlend_AO.uasset" 446
"../../../Engine/Content/Functions/MaterialLayerFunctions/MatLayerBlend_NormalBlend.uasset" 447
"../../../Engine/Content/Functions/MaterialLayerFunctions/MatLayerBlend_Simple.uasset" 448
"../../../ProtoShoot1/Content/AnimStarterPack/UE4_Mannequin/Materials/MaterialLayers/T_ML_Rubber_Blue_01_D.uasset" 449
"../../../ProtoShoot1/Content/AnimStarterPack/UE4_Mannequin/Materials/MaterialLayers/T_ML_Rubber_Blue_01_N.uasset" 450
"../../../ProtoShoot1/Content/AnimStarterPack/UE4_Mannequin/Materials/MaterialLayers/ML_GlossyBlack_Latex_UE4.uasset" 451
"../../../ProtoShoot1/Content/AnimStarterPack/UE4_Mannequin/Materials/MaterialLayers/ML_Plastic_Shiny_Beige.uasset" 452
"../../../ProtoShoot1/Content/AnimStarterPack/UE4_Mannequin/Textures/UE4_LOGO_CARD.uasset" 453
"../../../ProtoShoot1/Content/AnimStarterPack/UE4_Mannequin/Materials/MaterialLayers/ML_Plastic_Shiny_Beige_LOGO.uasset" 454
"../../../ProtoShoot1/Content/AnimStarterPack/UE4_Mannequin/Materials/MaterialLayers/T_ML_Aluminum01.uasset" 455
"../../../ProtoShoot1/Content/AnimStarterPack/UE4_Mannequin/Materials/MaterialLayers/T_ML_Aluminum01_N.uasset" 456
"../../../ProtoShoot1/Content/AnimStarterPack/UE4_Mannequin/Materials/MaterialLayers/ML_SoftMetal_UE4.uasset" 457
"../../../ProtoShoot1/Content/AnimStarterPack/UE4_Mannequin/Textures/UE4_Mannequin__normals.uasset" 458
"../../../ProtoShoot1/Content/AnimStarterPack/UE4_Mannequin/Textures/UE4_Mannequin_MAT_MASKA.uasset" 459
"../../../ProtoShoot1/Content/AnimStarterPack/UE4_Mannequin/Textures/UE4_Mannequin_occlusion_Mobile.uasset" 460
"../../../ProtoShoot1/Content/AnimStarterPack/UE4_Mannequin/Materials/M_UE4Man_Body.uasset" 461
"../../../ProtoShoot1/Content/AnimStarterPack/UE4_Mannequin/Textures/UE4Man_Logo_N.uasset" 462
"../../../ProtoShoot1/Content/AnimStarterPack/UE4_Mannequin/Materials/M_UE4Man_ChestLogo.uasset" 463
"../../../ProtoShoot1/Content/AnimStarterPack/UE4_Mannequin/Mesh/SK_Mannequin_PhysicsAsset.uasset" 464
"../../../ProtoShoot1/Content/AnimStarterPack/UE4_Mannequin/Mesh/SK_Mannequin.uasset" 465
"../../../ProtoShoot1/Content/AnimStarterPack/UE4_Mannequin/Mesh/UE4_Mannequin_Skeleton.uasset" 466
"../../../ProtoShoot1/Content/AnimStarterPack/Crouch_Idle_Rifle_Hip.uasset" 467
"../../../ProtoShoot1/Content/AnimStarterPack/Death_1.uasset" 468
"../../../ProtoShoot1/Content/AnimStarterPack/Fire_Rifle_Hip.uasset" 469
"../../../ProtoShoot1/Content/AnimStarterPack/Hit_React_1.uasset" 470
"../../../ProtoShoot1/Content/AnimStarterPack/Idle_Rifle_Hip.uasset" 471
"../../../ProtoShoot1/Content/AnimStarterPack/Crouch_Walk_Bwd_Rifle_Hip.uasset" 472
"../../../ProtoShoot1/Content/AnimStarterPack/Crouch_Walk_Fwd_Rifle_Hip.uasset" 473
"../../../ProtoShoot1/Content/AnimStarterPack/Crouch_Walk_Lt_Rifle_Hip.uasset" 474
"../../../ProtoShoot1/Content/AnimStarterPack/Crouch_Walk_Rt_Rifle_Hip.uasset" 475
"../../../ProtoShoot1/Content/AnimStarterPack/BS_CrouchWalk.uasset" 476
"../../../ProtoShoot1/Content/AnimStarterPack/Jog_Bwd_Rifle.uasset" 477
"../../../ProtoShoot1/Content/AnimStarterPack/Jog_Fwd_Rifle.uasset" 478
"../../../ProtoShoot1/Content/AnimStarterPack/Jog_Lt_Rifle.uasset" 479
"../../../ProtoShoot1/Content/AnimStarterPack/Jog_Rt_Rifle.uasset" 480
"../../../ProtoShoot1/Content/AnimStarterPack/BS_Jog.uasset" 481
"../../../ProtoShoot1/Content/BPMain/Character/BPanim_proto.uasset" 482
"../../../ProtoShoot1/Content/StarterContent/Materials/M_Basic_Wall.uasset" 483
"../../../ProtoShoot1/Content/StarterContent/Shapes/Shape_NarrowCapsule.uasset" 484
"../../../ProtoShoot1/Content/BPMain/ActorClass/BP_ProjectileEnemy.uasset" 485
"../../../ProtoShoot1/Content/BPMain/AI/BB_SimpleAI.uasset" 486
"../../../ProtoShoot1/Content/BPMain/AI/BTS_AIPattarn.uasset" 487
"../../../ProtoShoot1/Content/BPMain/AI/BTS_SimpleAI_StateSet.uasset" 488
"../../../ProtoShoot1/Content/BPMain/AI/BTT_AIATTACK_SimpleAI1.uasset" 489
"../../../ProtoShoot1/Content/BPMain/Resource/Texture/Aim_01.uasset" 490
"../../../ProtoShoot1/Content/BPMain/Resource/Texture/CrossHairForRailS_Mat.uasset" 491
"../../../ProtoShoot1/Content/BPMain/HUD/HUD_Cursor.uasset" 492
"../../../ProtoShoot1/Content/BPMain/BP_RailshootCameraManage.uasset" 493
"../../../ProtoShoot1/Content/InfinityBladeEffects/Effects/FX_Textures/Liquid/T_bloodSpatter_01.uasset" 494
"../../../ProtoShoot1/Content/InfinityBladeEffects/Effects/FX_Materials/Mobile/M_Blood_Trans_01.uasset" 495
"../../../ProtoShoot1/Content/InfinityBladeEffects/Effects/FX_Textures/Liquid/T_bloodSpatter_02.uasset" 496
"../../../ProtoShoot1/Content/InfinityBladeEffects/Effects/FX_Materials/Mobile/M_Blood_Trans_02.uasset" 497
"../../../ProtoShoot1/Content/InfinityBladeEffects/Effects/FX_Textures/Liquid/T_bloodSpatter_03.uasset" 498
"../../../ProtoShoot1/Content/InfinityBladeEffects/Effects/FX_Materials/Mobile/M_Blood_Trans_03.uasset" 499
"../../../ProtoShoot1/Content/BPMain/Resource/Particle/P_blood.uasset" 500
"../../../ProtoShoot1/Content/BPMain/Resource/Sound/M4A1_Single-Kibblesbob-8540445.uasset" 501
"../../../ProtoShoot1/Content/StarterContent/Textures/T_Burst_M.uasset" 502
"../../../ProtoShoot1/Content/StarterContent/Particles/Materials/M_Burst.uasset" 503
"../../../ProtoShoot1/Content/StarterContent/Textures/T_Explosion_SubUV.uasset" 504
"../../../ProtoShoot1/Content/StarterContent/Particles/Materials/M_explosion_subUV.uasset" 505
"../../../ProtoShoot1/Content/StarterContent/Particles/Materials/m_flare_01.uasset" 506
"../../../ProtoShoot1/Content/StarterContent/Particles/Materials/M_radial_ramp.uasset" 507
"../../../ProtoShoot1/Content/StarterContent/Textures/T_Smoke_SubUV.uasset" 508
"../../../ProtoShoot1/Content/StarterContent/Textures/T_Smoke_Tiled_D.uasset" 509
"../../../ProtoShoot1/Content/StarterContent/Particles/Materials/M_smoke_subUV.uasset" 510
"../../../ProtoShoot1/Content/StarterContent/Particles/P_Explosion.uasset" 511
"../../../ProtoShoot1/Content/BPMain/Interface/Ingame/BP_RailShootPlayerCon.uasset" 512
"../../../ProtoShoot1/Content/BPMain/Interface/Ingame/ProtoMapGameState.uasset" 513
"../../../ProtoShoot1/Content/BPMain/Interface/Ingame/BP_RailShootGameMode.uasset" 514
"../../../ProtoShoot1/Content/BPMain/AI/BTT_AIMove_1_SimpleAI1.uasset" 515
"../../../ProtoShoot1/Content/BPMain/AI/BTT_AIMove_2_SimpleAI1.uasset" 516
"../../../ProtoShoot1/Content/BPMain/AI/BTT_FaceToPrimary.uasset" 517
"../../../ProtoShoot1/Content/BPMain/AI/BTT_SimpleAICrouch.uasset" 518
"../../../ProtoShoot1/Content/BPMain/AI/BTT_SimpleAICrouchFalse.uasset" 519
"../../../ProtoShoot1/Content/BPMain/AI/BT_SimpleAI.uasset" 520
"../../../ProtoShoot1/Content/BPMain/AI/BP_AIController.uasset" 521
"../../../ProtoShoot1/Content/BPMain/Resource/HUD/HUD_Export/Killfeed_Back.uasset" 522
"../../../ProtoShoot1/Content/BPMain/HUD/Combat/KillPickUp.uasset" 523
"../../../ProtoShoot1/Content/BPMain/Resource/Sound/GUN_FIRE-GoodSoundForYou-820112263.uasset" 524
"../../../ProtoShoot1/Content/BPMain/Weapon/M4A1/M4A1_Diffuse.uasset" 525
"../../../ProtoShoot1/Content/BPMain/Weapon/M4A1/M4A1Metarial.uasset" 526
"../../../ProtoShoot1/Content/BPMain/Weapon/M4A1/silencer001Mat.uasset" 527
"../../../ProtoShoot1/Content/BPMain/Weapon/M4A1/M4A1_silencer001_PhysicsAsset.uasset" 528
"../../../ProtoShoot1/Content/BPMain/Weapon/M4A1/M4A1_silencer001_Skeleton.uasset" 529
"../../../ProtoShoot1/Content/BPMain/Weapon/M4A1/M4A1_weapon002_PhysicsAsset.uasset" 530
"../../../ProtoShoot1/Content/BPMain/Weapon/M4A1/M4A1_weapon002_Skeleton.uasset" 531
"../../../ProtoShoot1/Content/BPMain/Weapon/M4A1/M4A1.uasset" 532
"../../../Engine/Content/EngineResources/Black.uasset" 533
"../../../ProtoShoot1/Content/InfinityBladeEffects/Effects/Masters/M_Add_Sprite_SubUV_Master.uasset" 534
"../../../ProtoShoot1/Content/InfinityBladeEffects/Effects/FX_Textures/Fire/T_Fire_subUV_6X6.uasset" 535
"../../../ProtoShoot1/Content/InfinityBladeEffects/Effects/FX_Materials/Fire/M_Fire_01_Add_6X6_INST.uasset" 536
"../../../ProtoShoot1/Content/InfinityBladeEffects/Effects/Masters/M_Trans_Sprite_SubUV_Master.uasset" 537
"../../../ProtoShoot1/Content/InfinityBladeEffects/Effects/FX_Textures/Fire/T_Fireball_02_SubUV_4_4.uasset" 538
"../../../ProtoShoot1/Content/InfinityBladeEffects/Effects/FX_Materials/Fire/M_Fireball_03_4_4_INST.uasset" 539
"../../../ProtoShoot1/Content/InfinityBladeEffects/Effects/Masters/M_Add_Sprite_Master.uasset" 540
"../../../ProtoShoot1/Content/InfinityBladeEffects/Effects/FX_Textures/Gradient/T_starFlare_03.uasset" 541
"../../../ProtoShoot1/Content/InfinityBladeEffects/Effects/FX_Materials/Gradient/M_Flare_04_INST.uasset" 542
"../../../ProtoShoot1/Content/InfinityBladeEffects/Effects/FX_Textures/Smoke/T_SmokeBall_01_8_8.uasset" 543
"../../../ProtoShoot1/Content/InfinityBladeEffects/Effects/FX_Materials/Smoke/M_Smoke_01_8X8_INST.uasset" 544
"../../../ProtoShoot1/Content/InfinityBladeEffects/Effects/FX_Textures/Spark/T_Sparks_04_SubUV_1_4.uasset" 545
"../../../ProtoShoot1/Content/InfinityBladeEffects/Effects/FX_Materials/Spark/M_Spark_04_SubUV_1_4_INST.uasset" 546
"../../../ProtoShoot1/Content/InfinityBladeEffects/Effects/FX_Monsters/FX_Monster_Gruntling/Master/P_BackPack_MuzzleFlash.uasset" 547
"../../../ProtoShoot1/Content/BPMain/ActorClass/SimpleAI.uasset" 548
"../../../ProtoShoot1/Content/BPMain/Interface/Ingame/ActionInterFace.uasset" 549
"../../../ProtoShoot1/Content/BPMain/Interface/Ingame/BP_PlayerChAI.uasset" 550
"../../../ProtoShoot1/Content/BPMain/Interface/Ingame/CharacterSawpper.uasset" 551
"../../../ProtoShoot1/Content/BPMain/Resource/HUD/bulletBar.uasset" 552
"../../../ProtoShoot1/Content/BPMain/Resource/HUD/bulletBarline.uasset" 553
"../../../ProtoShoot1/Content/BPMain/Resource/HUD/HUD_Export/Health_Icon.uasset" 554
"../../../ProtoShoot1/Content/BPMain/Resource/HUD/sf_circle.uasset" 555
"../../../ProtoShoot1/Content/BPMain/Resource/HUD/sfborder01.uasset" 556
"../../../ProtoShoot1/Content/BPMain/Resource/HUD/sfborder02.uasset" 557
"../../../ProtoShoot1/Content/BPMain/Resource/HUD/sfborder03.uasset" 558
"../../../ProtoShoot1/Content/BPMain/HUD/Ability/RSHUD_Primary.uasset" 559
"../../../ProtoShoot1/Content/BPMain/Resource/Texture/blood_vignette_by_7he1ndigo-dbn9k39.uasset" 560
"../../../ProtoShoot1/Content/BPMain/Resource/Texture/BulletHole.uasset" 561
"../../../ProtoShoot1/Content/BPMain/HUD/Combat/DamageVignette.uasset" 562
"../../../ProtoShoot1/Content/M4_Animated/Textures/butt_AO.uasset" 563
"../../../ProtoShoot1/Content/M4_Animated/Textures/butt_color.uasset" 564
"../../../ProtoShoot1/Content/M4_Animated/Textures/butt_metalness.uasset" 565
"../../../ProtoShoot1/Content/M4_Animated/Textures/butt_nmap.uasset" 566
"../../../ProtoShoot1/Content/M4_Animated/Textures/butt_rough.uasset" 567
"../../../ProtoShoot1/Content/M4_Animated/Materials/Mat_Butt.uasset" 568
"../../../ProtoShoot1/Content/M4_Animated/Materials/Mat_Butt_Inst.uasset" 569
"../../../ProtoShoot1/Content/M4_Animated/Textures/M4_AO.uasset" 570
"../../../ProtoShoot1/Content/M4_Animated/Textures/M4_color.uasset" 571
"../../../ProtoShoot1/Content/M4_Animated/Textures/M4_metalness.uasset" 572
"../../../ProtoShoot1/Content/M4_Animated/Textures/M4_nmap.uasset" 573
"../../../ProtoShoot1/Content/M4_Animated/Textures/M4_rough.uasset" 574
"../../../ProtoShoot1/Content/M4_Animated/Materials/Mat_M4.uasset" 575
"../../../ProtoShoot1/Content/M4_Animated/Materials/Mat_M4_Inst.uasset" 576
"../../../ProtoShoot1/Content/M4_Animated/Textures/magazine_AO.uasset" 577
"../../../ProtoShoot1/Content/M4_Animated/Textures/magazine_color.uasset" 578
"../../../ProtoShoot1/Content/M4_Animated/Textures/magazine_metalness.uasset" 579
"../../../ProtoShoot1/Content/M4_Animated/Textures/magazine_nmap.uasset" 580
"../../../ProtoShoot1/Content/M4_Animated/Textures/magazine_rough.uasset" 581
"../../../ProtoShoot1/Content/M4_Animated/Materials/Mat_Magazine.uasset" 582
"../../../ProtoShoot1/Content/M4_Animated/Materials/Mat_Magazine_Inst.uasset" 583
"../../../ProtoShoot1/Content/M4_Animated/Textures/sight_AO.uasset" 584
"../../../ProtoShoot1/Content/M4_Animated/Textures/sight_color.uasset" 585
"../../../ProtoShoot1/Content/M4_Animated/Textures/sight_metalness.uasset" 586
"../../../ProtoShoot1/Content/M4_Animated/Textures/sight_nmap.uasset" 587
"../../../ProtoShoot1/Content/M4_Animated/Textures/sight_rough.uasset" 588
"../../../ProtoShoot1/Content/M4_Animated/Materials/Mat_Sight.uasset" 589
"../../../ProtoShoot1/Content/M4_Animated/Materials/Mat_Sight_Inst.uasset" 590
"../../../ProtoShoot1/Content/M4_Animated/Meshes/PP_Gun_Skeleton.uasset" 591
"../../../ProtoShoot1/Content/M4_Animated/Meshes/PP_Gun.uasset" 592
"../../../ProtoShoot1/Content/BPMain/BP_SecondCH.uasset" 593
"../../../ProtoShoot1/Content/BPMain/Character/SATcharacter/BPanim_Sat.uasset" 594
"../../../ProtoShoot1/Content/BPMain/Resource/Texture/Crack1.uasset" 595
"../../../ProtoShoot1/Content/BPMain/HUD/Combat/GlassCrack_Pre.uasset" 596
"../../../ProtoShoot1/Content/BPMain/Resource/Sound/Reload.uasset" 597
"../../../ProtoShoot1/Content/BPMain/BP_PrimaryCH.uasset" 598
"../../../ProtoShoot1/Content/AbandonedHospitalPack/Textures/hospital_lamps_C.uasset" 599
"../../../ProtoShoot1/Content/AbandonedHospitalPack/Textures/hospital_lamps_N.uasset" 600
"../../../ProtoShoot1/Content/AbandonedHospitalPack/Textures/hospital_lamps_SG.uasset" 601
"../../../ProtoShoot1/Content/AbandonedHospitalPack/Materials/lamps_emit_Mat.uasset" 602
"../../../ProtoShoot1/Content/AbandonedHospitalPack/Materials/lamps_emit_Mat_orange.uasset" 603
"../../../ProtoShoot1/Content/AbandonedHospitalPack/Materials/lamps_Mat.uasset" 604
"../../../ProtoShoot1/Content/AbandonedHospitalPack/Models/Props/lamp_A.uasset" 605
"../../../ProtoShoot1/Content/AbandonedHospitalPack/Blueprints/lamp_A_Blueprint.uasset" 606
"../../../ProtoShoot1/Content/AbandonedHospitalPack/Models/Props/lamp_B.uasset" 607
"../../../ProtoShoot1/Content/AbandonedHospitalPack/Blueprints/lamp_B_Blueprint.uasset" 608
"../../../ProtoShoot1/Content/AbandonedHospitalPack/Textures/hospital_mattressA_C.uasset" 609
"../../../ProtoShoot1/Content/AbandonedHospitalPack/Textures/hospital_mattressA_N.uasset" 610
"../../../ProtoShoot1/Content/AbandonedHospitalPack/Textures/hospital_mattressA_SG.uasset" 611
"../../../ProtoShoot1/Content/AbandonedHospitalPack/Materials/hospital_mattres_Mat.uasset" 612
"../../../ProtoShoot1/Content/AbandonedHospitalPack/Textures/hospitalFurniture_C.uasset" 613
"../../../ProtoShoot1/Content/AbandonedHospitalPack/Textures/hospitalFurniture_N.uasset" 614
"../../../ProtoShoot1/Content/AbandonedHospitalPack/Textures/hospitalFurniture_SG.uasset" 615
"../../../ProtoShoot1/Content/AbandonedHospitalPack/Materials/hospitalFurniture_Mat.uasset" 616
"../../../ProtoShoot1/Content/AbandonedHospitalPack/Models/Props/bed_C.uasset" 617
"../../../ProtoShoot1/Content/AbandonedHospitalPack/Models/Props/bed_C_DM.uasset" 618
"../../../ProtoShoot1/Content/AbandonedHospitalPack/ExampleMap/AbandonedHospital_example_BuiltData.uasset" 619
"../../../ProtoShoot1/Content/AbandonedHospitalPack/Textures/ceiling_A.uasset" 620
"../../../ProtoShoot1/Content/AbandonedHospitalPack/Textures/ceiling_A_SG.uasset" 621
"../../../ProtoShoot1/Content/AbandonedHospitalPack/Textures/plasterWall_a_N.uasset" 622
"../../../ProtoShoot1/Content/AbandonedHospitalPack/Materials/ceiling_A_Mat.uasset" 623
"../../../ProtoShoot1/Content/AbandonedHospitalPack/Textures/glass_fake_N.uasset" 624
"../../../ProtoShoot1/Content/AbandonedHospitalPack/Textures/glass_fakeB_C.uasset" 625
"../../../ProtoShoot1/Content/AbandonedHospitalPack/Textures/glass_fakeB_SG.uasset" 626
"../../../ProtoShoot1/Content/AbandonedHospitalPack/Materials/dummyLight_Mat.uasset" 627
"../../../ProtoShoot1/Content/AbandonedHospitalPack/Textures/floor_rubber_C.uasset" 628
"../../../ProtoShoot1/Content/AbandonedHospitalPack/Textures/floor_rubber_N.uasset" 629
"../../../ProtoShoot1/Content/AbandonedHospitalPack/Textures/floor_rubber_SG.uasset" 630
"../../../ProtoShoot1/Content/AbandonedHospitalPack/Materials/floorRubbery_Mat.uasset" 631
"../../../ProtoShoot1/Content/AbandonedHospitalPack/Textures/plasterWall_a_C.uasset" 632
"../../../ProtoShoot1/Content/AbandonedHospitalPack/Textures/plasterWall_a_SG.uasset" 633
"../../../ProtoShoot1/Content/AbandonedHospitalPack/Materials/plasterWall_a_Mat.uasset" 634
"../../../ProtoShoot1/Content/AbandonedHospitalPack/Textures/glass_refraction_N.uasset" 635
"../../../ProtoShoot1/Content/AbandonedHospitalPack/Materials/refractiveGlass_Mat.uasset" 636
"../../../ProtoShoot1/Content/AbandonedHospitalPack/Textures/tiles_A2_C.uasset" 637
"../../../ProtoShoot1/Content/AbandonedHospitalPack/Textures/tiles_A2_N.uasset" 638
"../../../ProtoShoot1/Content/AbandonedHospitalPack/Textures/tiles_A2_SG.uasset" 639
"../../../ProtoShoot1/Content/AbandonedHospitalPack/Materials/tile_A_2_Mat.uasset" 640
"../../../ProtoShoot1/Content/AbandonedHospitalPack/Textures/tiles_A_C.uasset" 641
"../../../ProtoShoot1/Content/AbandonedHospitalPack/Textures/tiles_A_N.uasset" 642
"../../../ProtoShoot1/Content/AbandonedHospitalPack/Textures/tiles_A_SG.uasset" 643
"../../../ProtoShoot1/Content/AbandonedHospitalPack/Materials/tile_A_Mat.uasset" 644
"../../../ProtoShoot1/Content/AbandonedHospitalPack/Textures/edgesAndBars_C.uasset" 645
"../../../ProtoShoot1/Content/AbandonedHospitalPack/Textures/edgesAndBars_N.uasset" 646
"../../../ProtoShoot1/Content/AbandonedHospitalPack/Textures/edgesAndBars_SG.uasset" 647
"../../../ProtoShoot1/Content/AbandonedHospitalPack/Materials/edgesAndBars_mat.uasset" 648
"../../../ProtoShoot1/Content/AbandonedHospitalPack/Models/Brushes/doors_jamb_A.uasset" 649
"../../../ProtoShoot1/Content/AbandonedHospitalPack/Models/Brushes/doors_jamb_B.uasset" 650
"../../../ProtoShoot1/Content/AbandonedHospitalPack/Models/Brushes/doors_jamb_C.uasset" 651
"../../../ProtoShoot1/Content/AbandonedHospitalPack/Models/Brushes/doors_jamb_wide.uasset" 652
"../../../ProtoShoot1/Content/AbandonedHospitalPack/Textures/floor_tiles_A.uasset" 653
"../../../ProtoShoot1/Content/AbandonedHospitalPack/Textures/floor_tiles_A_N_1.uasset" 654
"../../../ProtoShoot1/Content/AbandonedHospitalPack/Textures/floor_tiles_A_SG.uasset" 655
"../../../ProtoShoot1/Content/AbandonedHospitalPack/Materials/floorTiles_A_Mat.uasset" 656
"../../../ProtoShoot1/Content/AbandonedHospitalPack/Models/Brushes/floorPlane.uasset" 657
"../../../ProtoShoot1/Content/AbandonedHospitalPack/Models/Brushes/floorPlane_jamb.uasset" 658
"../../../ProtoShoot1/Content/AbandonedHospitalPack/Models/Brushes/floorPlane_stair.uasset" 659
"../../../ProtoShoot1/Content/AbandonedHospitalPack/Textures/glass_fake_C.uasset" 660
"../../../ProtoShoot1/Content/AbandonedHospitalPack/Materials/dummyLight1_Mat.uasset" 661
"../../../ProtoShoot1/Content/AbandonedHospitalPack/Models/Brushes/glass_B.uasset" 662
"../../../ProtoShoot1/Content/AbandonedHospitalPack/Models/Brushes/glass_D.uasset" 663
"../../../ProtoShoot1/Content/AbandonedHospitalPack/Models/Brushes/glass_E.uasset" 664
"../../../ProtoShoot1/Content/AbandonedHospitalPack/Models/Brushes/glass_F.uasset" 665
"../../../ProtoShoot1/Content/AbandonedHospitalPack/Models/Brushes/liftShaft_A.uasset" 666
"../../../ProtoShoot1/Content/AbandonedHospitalPack/Models/Brushes/liftShaft_B.uasset" 667
"../../../ProtoShoot1/Content/AbandonedHospitalPack/Models/Brushes/liftShaft_C.uasset" 668
"../../../ProtoShoot1/Content/AbandonedHospitalPack/Models/Brushes/pillar_A.uasset" 669
"../../../ProtoShoot1/Content/AbandonedHospitalPack/Models/Brushes/pillar_B.uasset" 670
"../../../ProtoShoot1/Content/AbandonedHospitalPack/Models/Brushes/roundCeiling.uasset" 671
"../../../ProtoShoot1/Content/AbandonedHospitalPack/Models/Brushes/roundCeiling_cap.uasset" 672
"../../../ProtoShoot1/Content/AbandonedHospitalPack/Models/Brushes/roundCeiling_cap_2s.uasset" 673
"../../../ProtoShoot1/Content/AbandonedHospitalPack/Models/Brushes/roundCeiling_cross.uasset" 674
"../../../ProtoShoot1/Content/AbandonedHospitalPack/Models/Brushes/roundCeiling_skylight.uasset" 675
"../../../ProtoShoot1/Content/AbandonedHospitalPack/Models/Brushes/rubberFloorPlane_A.uasset" 676
"../../../ProtoShoot1/Content/AbandonedHospitalPack/Models/Brushes/rubberFloorPlane_B.uasset" 677
"../../../ProtoShoot1/Content/AbandonedHospitalPack/Models/Brushes/stairsHall_01.uasset" 678
"../../../ProtoShoot1/Content/AbandonedHospitalPack/Models/Brushes/wall_elevator.uasset" 679
"../../../ProtoShoot1/Content/AbandonedHospitalPack/Models/Brushes/wall_morgue.uasset" 680
"../../../ProtoShoot1/Content/AbandonedHospitalPack/Models/Brushes/wall_roundCorner.uasset" 681
"../../../ProtoShoot1/Content/AbandonedHospitalPack/Models/Brushes/wall_tiny_B.uasset" 682
"../../../ProtoShoot1/Content/AbandonedHospitalPack/Models/Brushes/WallA.uasset" 683
"../../../ProtoShoot1/Content/AbandonedHospitalPack/Models/Brushes/WallA_half.uasset" 684
"../../../ProtoShoot1/Content/AbandonedHospitalPack/Models/Brushes/wallA_half_window_A.uasset" 685
"../../../ProtoShoot1/Content/AbandonedHospitalPack/Models/Brushes/wallA_transition.uasset" 686
"../../../ProtoShoot1/Content/AbandonedHospitalPack/Models/Brushes/wallA_transition_Wide.uasset" 687
"../../../ProtoShoot1/Content/AbandonedHospitalPack/Models/Brushes/wallA_window_A.uasset" 688
"../../../ProtoShoot1/Content/AbandonedHospitalPack/Models/Brushes/wallA_window_B.uasset" 689
"../../../ProtoShoot1/Content/AbandonedHospitalPack/Models/Brushes/WallB.uasset" 690
"../../../ProtoShoot1/Content/AbandonedHospitalPack/Models/Brushes/wallB_transition.uasset" 691
"../../../ProtoShoot1/Content/AbandonedHospitalPack/Models/Brushes/wallB_window_A.uasset" 692
"../../../ProtoShoot1/Content/AbandonedHospitalPack/Textures/hospital_rubbish_C.uasset" 693
"../../../ProtoShoot1/Content/AbandonedHospitalPack/Textures/hospital_rubbish_MR.uasset" 694
"../../../ProtoShoot1/Content/AbandonedHospitalPack/Textures/hospital_rubbish_N.uasset" 695
"../../../ProtoShoot1/Content/AbandonedHospitalPack/Materials/hospital_Rubbish_Mat.uasset" 696
"../../../ProtoShoot1/Content/AbandonedHospitalPack/Models/Decals/decal_A.uasset" 697
"../../../ProtoShoot1/Content/AbandonedHospitalPack/Models/Decals/decal_B.uasset" 698
"../../../ProtoShoot1/Content/AbandonedHospitalPack/Models/Decals/decal_C.uasset" 699
"../../../ProtoShoot1/Content/AbandonedHospitalPack/Models/Decals/decal_D.uasset" 700
"../../../ProtoShoot1/Content/AbandonedHospitalPack/Models/Decals/decal_E.uasset" 701
"../../../ProtoShoot1/Content/AbandonedHospitalPack/Models/Decals/decal_F.uasset" 702
"../../../ProtoShoot1/Content/AbandonedHospitalPack/Models/Decals/decal_G.uasset" 703
"../../../ProtoShoot1/Content/AbandonedHospitalPack/Models/Decals/decal_H.uasset" 704
"../../../ProtoShoot1/Content/AbandonedHospitalPack/Textures/doors_A_C.uasset" 705
"../../../ProtoShoot1/Content/AbandonedHospitalPack/Textures/doors_A_N.uasset" 706
"../../../ProtoShoot1/Content/AbandonedHospitalPack/Textures/doors_A_SG.uasset" 707
"../../../ProtoShoot1/Content/AbandonedHospitalPack/Materials/doors_A_Mat.uasset" 708
"../../../ProtoShoot1/Content/AbandonedHospitalPack/Models/Doors/doors_A.uasset" 709
"../../../ProtoShoot1/Content/AbandonedHospitalPack/Textures/doors_B_C.uasset" 710
"../../../ProtoShoot1/Content/AbandonedHospitalPack/Textures/doors_B_N.uasset" 711
"../../../ProtoShoot1/Content/AbandonedHospitalPack/Textures/doors_B_SG.uasset" 712
"../../../ProtoShoot1/Content/AbandonedHospitalPack/Materials/doors_B_Mat.uasset" 713
"../../../ProtoShoot1/Content/AbandonedHospitalPack/Models/Doors/doors_B.uasset" 714
"../../../ProtoShoot1/Content/AbandonedHospitalPack/Textures/doors_C_C.uasset" 715
"../../../ProtoShoot1/Content/AbandonedHospitalPack/Textures/doors_C_N.uasset" 716
"../../../ProtoShoot1/Content/AbandonedHospitalPack/Textures/doors_C_SG.uasset" 717
"../../../ProtoShoot1/Content/AbandonedHospitalPack/Materials/doors_C_Mat.uasset" 718
"../../../ProtoShoot1/Content/AbandonedHospitalPack/Models/Doors/doors_C_wing_L.uasset" 719
"../../../ProtoShoot1/Content/AbandonedHospitalPack/Models/Doors/doors_C_wing_R.uasset" 720
"../../../ProtoShoot1/Content/AbandonedHospitalPack/Textures/doors_D_C.uasset" 721
"../../../ProtoShoot1/Content/AbandonedHospitalPack/Textures/doors_D_N.uasset" 722
"../../../ProtoShoot1/Content/AbandonedHospitalPack/Textures/doors_D_SG.uasset" 723
"../../../ProtoShoot1/Content/AbandonedHospitalPack/Materials/doors_D_Mat.uasset" 724
"../../../ProtoShoot1/Content/AbandonedHospitalPack/Models/Doors/doors_wide_wing_L.uasset" 725
"../../../ProtoShoot1/Content/AbandonedHospitalPack/Models/Doors/doors_wide_wing_R.uasset" 726
"../../../ProtoShoot1/Content/AbandonedHospitalPack/Textures/elevator_C.uasset" 727
"../../../ProtoShoot1/Content/AbandonedHospitalPack/Textures/elevator_N.uasset" 728
"../../../ProtoShoot1/Content/AbandonedHospitalPack/Textures/elevator_SG.uasset" 729
"../../../ProtoShoot1/Content/AbandonedHospitalPack/Materials/elevatorEmit_Mat.uasset" 730
"../../../ProtoShoot1/Content/AbandonedHospitalPack/Materials/elevatorMat.uasset" 731
"../../../ProtoShoot1/Content/AbandonedHospitalPack/Models/Elevator/elevator_A.uasset" 732
"../../../ProtoShoot1/Content/AbandonedHospitalPack/Models/Elevator/elevator_jamb.uasset" 733
"../../../ProtoShoot1/Content/AbandonedHospitalPack/Models/Elevator/elevator_switch.uasset" 734
"../../../ProtoShoot1/Content/AbandonedHospitalPack/Models/Elevator/elevatorDoors_wing_A.uasset" 735
"../../../ProtoShoot1/Content/AbandonedHospitalPack/Models/Elevator/elevatorDoors_wing_B.uasset" 736
"../../../ProtoShoot1/Content/AbandonedHospitalPack/Textures/medicines_C.uasset" 737
"../../../ProtoShoot1/Content/AbandonedHospitalPack/Textures/medicines_SG.uasset" 738
"../../../ProtoShoot1/Content/AbandonedHospitalPack/Materials/medicines_mat.uasset" 739
"../../../ProtoShoot1/Content/AbandonedHospitalPack/Models/Medicines/medicine_big_B.uasset" 740
"../../../ProtoShoot1/Content/AbandonedHospitalPack/Models/Medicines/medicine_big_D.uasset" 741
"../../../ProtoShoot1/Content/AbandonedHospitalPack/Models/Medicines/medicine_big_E.uasset" 742
"../../../ProtoShoot1/Content/AbandonedHospitalPack/Models/Medicines/medicine_box_A.uasset" 743
"../../../ProtoShoot1/Content/AbandonedHospitalPack/Models/Medicines/medicine_box_B.uasset" 744
"../../../ProtoShoot1/Content/AbandonedHospitalPack/Models/Medicines/medicine_box_C.uasset" 745
"../../../ProtoShoot1/Content/AbandonedHospitalPack/Models/Medicines/medicine_box_D.uasset" 746
"../../../ProtoShoot1/Content/AbandonedHospitalPack/Models/Medicines/medicine_box_E.uasset" 747
"../../../ProtoShoot1/Content/AbandonedHospitalPack/Models/Medicines/medicine_box_F.uasset" 748
"../../../ProtoShoot1/Content/AbandonedHospitalPack/Models/Medicines/medicine_box_H.uasset" 749
"../../../ProtoShoot1/Content/AbandonedHospitalPack/Models/Medicines/medicine_mid_A.uasset" 750
"../../../ProtoShoot1/Content/AbandonedHospitalPack/Models/Medicines/medicine_mid_B.uasset" 751
"../../../ProtoShoot1/Content/AbandonedHospitalPack/Models/Medicines/medicine_mid_C.uasset" 752
"../../../ProtoShoot1/Content/AbandonedHospitalPack/Models/Medicines/medicine_mid_E.uasset" 753
"../../../ProtoShoot1/Content/AbandonedHospitalPack/Models/Medicines/medicine_shelf.uasset" 754
"../../../ProtoShoot1/Content/AbandonedHospitalPack/Models/Medicines/medicine_small_A.uasset" 755
"../../../ProtoShoot1/Content/AbandonedHospitalPack/Models/Medicines/medicine_small_B.uasset" 756
"../../../ProtoShoot1/Content/AbandonedHospitalPack/Models/Medicines/medicine_small_C.uasset" 757
"../../../ProtoShoot1/Content/AbandonedHospitalPack/Models/Medicines/medicine_small_D.uasset" 758
"../../../ProtoShoot1/Content/AbandonedHospitalPack/Models/Medicines/medicine_tiny_B.uasset" 759
"../../../ProtoShoot1/Content/AbandonedHospitalPack/Models/Medicines/medicine_tiny_C.uasset" 760
"../../../ProtoShoot1/Content/AbandonedHospitalPack/Models/Medicines/medicine_tiny_D.uasset" 761
"../../../ProtoShoot1/Content/AbandonedHospitalPack/Models/Props/bed_A.uasset" 762
"../../../ProtoShoot1/Content/AbandonedHospitalPack/Models/Props/bed_A_empty.uasset" 763
"../../../ProtoShoot1/Content/AbandonedHospitalPack/Models/Props/bed_B.uasset" 764
"../../../ProtoShoot1/Content/AbandonedHospitalPack/Models/Props/bed_B_empty.uasset" 765
"../../../ProtoShoot1/Content/AbandonedHospitalPack/Models/Props/bed_C_empty.uasset" 766
"../../../ProtoShoot1/Content/AbandonedHospitalPack/Models/Props/bench.uasset" 767
"../../../ProtoShoot1/Content/AbandonedHospitalPack/Models/Props/chair_01.uasset" 768
"../../../ProtoShoot1/Content/AbandonedHospitalPack/Models/Props/cupboard_A.uasset" 769
"../../../ProtoShoot1/Content/AbandonedHospitalPack/Models/Props/cupboard_B.uasset" 770
"../../../ProtoShoot1/Content/AbandonedHospitalPack/Models/Props/cupboard_door.uasset" 771
"../../../ProtoShoot1/Content/AbandonedHospitalPack/Models/Props/cupboard_drawer.uasset" 772
"../../../ProtoShoot1/Content/AbandonedHospitalPack/Models/Props/desk_A.uasset" 773
"../../../ProtoShoot1/Content/AbandonedHospitalPack/Models/Props/desk_B.uasset" 774
"../../../ProtoShoot1/Content/AbandonedHospitalPack/Models/Props/desk_C.uasset" 775
"../../../ProtoShoot1/Content/AbandonedHospitalPack/Textures/pipesAndHeat_C.uasset" 776
"../../../ProtoShoot1/Content/AbandonedHospitalPack/Textures/pipesAndHeat_N.uasset" 777
"../../../ProtoShoot1/Content/AbandonedHospitalPack/Textures/pipesAndHeat_SG.uasset" 778
"../../../ProtoShoot1/Content/AbandonedHospitalPack/Materials/heaterAndPipes_Mat.uasset" 779
"../../../ProtoShoot1/Content/AbandonedHospitalPack/Models/Props/heater_A.uasset" 780
"../../../ProtoShoot1/Content/AbandonedHospitalPack/Models/Props/heater_B.uasset" 781
"../../../ProtoShoot1/Content/AbandonedHospitalPack/Models/Props/heater_elbow.uasset" 782
"../../../ProtoShoot1/Content/AbandonedHospitalPack/Models/Props/lamp_B_noLight.uasset" 783
"../../../ProtoShoot1/Content/AbandonedHospitalPack/Models/Props/locker_A.uasset" 784
"../../../ProtoShoot1/Content/AbandonedHospitalPack/Models/Props/locker_door_A_L.uasset" 785
"../../../ProtoShoot1/Content/AbandonedHospitalPack/Models/Props/locker_door_A_R.uasset" 786
"../../../ProtoShoot1/Content/AbandonedHospitalPack/Models/Props/locker_door_B_L.uasset" 787
"../../../ProtoShoot1/Content/AbandonedHospitalPack/Models/Props/locker_door_B_R.uasset" 788
"../../../ProtoShoot1/Content/AbandonedHospitalPack/Models/Props/morgue_bath.uasset" 789
"../../../ProtoShoot1/Content/AbandonedHospitalPack/Models/Props/morgue_bed.uasset" 790
"../../../ProtoShoot1/Content/AbandonedHospitalPack/Models/Props/morgue_doors.uasset" 791
"../../../ProtoShoot1/Content/AbandonedHospitalPack/Models/Props/morgue_sink_B.uasset" 792
"../../../ProtoShoot1/Content/AbandonedHospitalPack/Textures/medicalStuff_C.uasset" 793
"../../../ProtoShoot1/Content/AbandonedHospitalPack/Textures/medicalStuff_N.uasset" 794
"../../../ProtoShoot1/Content/AbandonedHospitalPack/Textures/medicalStuff_SG.uasset" 795
"../../../ProtoShoot1/Content/AbandonedHospitalPack/Materials/medical_furniture_mat.uasset" 796
"../../../ProtoShoot1/Content/AbandonedHospitalPack/Models/Props/ms_1.uasset" 797
"../../../ProtoShoot1/Content/AbandonedHospitalPack/Models/Props/ms_2.uasset" 798
"../../../ProtoShoot1/Content/AbandonedHospitalPack/Models/Props/operating_bed_A.uasset" 799
"../../../ProtoShoot1/Content/AbandonedHospitalPack/Models/Props/operating_bed_B.uasset" 800
"../../../ProtoShoot1/Content/AbandonedHospitalPack/Models/Props/operating_lamp_A.uasset" 801
"../../../ProtoShoot1/Content/AbandonedHospitalPack/Models/Props/operating_lamp_A_R.uasset" 802
"../../../ProtoShoot1/Content/AbandonedHospitalPack/Models/Props/operating_lamp_B.uasset" 803
"../../../ProtoShoot1/Content/AbandonedHospitalPack/Models/Props/operating_lamp_B_R.uasset" 804
"../../../ProtoShoot1/Content/AbandonedHospitalPack/Textures/picture_A.uasset" 805
"../../../ProtoShoot1/Content/AbandonedHospitalPack/Materials/picture_A.uasset" 806
"../../../ProtoShoot1/Content/AbandonedHospitalPack/Models/Props/pictureFrame_A.uasset" 807
"../../../ProtoShoot1/Content/AbandonedHospitalPack/Models/Props/pictureFrame_B.uasset" 808
"../../../ProtoShoot1/Content/AbandonedHospitalPack/Models/Props/pipe_A.uasset" 809
"../../../ProtoShoot1/Content/AbandonedHospitalPack/Models/Props/pipe_B.uasset" 810
"../../../ProtoShoot1/Content/AbandonedHospitalPack/Models/Props/pipe_C.uasset" 811
"../../../ProtoShoot1/Content/AbandonedHospitalPack/Models/Props/pipe_D.uasset" 812
"../../../ProtoShoot1/Content/AbandonedHospitalPack/Models/Props/shower.uasset" 813
"../../../ProtoShoot1/Content/AbandonedHospitalPack/Textures/shower_curtain_C.uasset" 814
"../../../ProtoShoot1/Content/AbandonedHospitalPack/Textures/shower_curtain_N.uasset" 815
"../../../ProtoShoot1/Content/AbandonedHospitalPack/Textures/shower_curtain_SG.uasset" 816
"../../../ProtoShoot1/Content/AbandonedHospitalPack/Materials/showerCurtain_Mat.uasset" 817
"../../../ProtoShoot1/Content/AbandonedHospitalPack/Models/Props/showerc_urtain_B.uasset" 818
"../../../ProtoShoot1/Content/AbandonedHospitalPack/Models/Props/sink_01.uasset" 819
"../../../ProtoShoot1/Content/AbandonedHospitalPack/Models/Props/stool.uasset" 820
"../../../ProtoShoot1/Content/AbandonedHospitalPack/Models/Props/toilet_A.uasset" 821
"../../../ProtoShoot1/Content/AbandonedHospitalPack/Models/Props/toilet_desk_A.uasset" 822
"../../../ProtoShoot1/Content/AbandonedHospitalPack/Models/Props/toilet_desk_B.uasset" 823
"../../../ProtoShoot1/Content/AbandonedHospitalPack/Models/Props/toilet_flushBox.uasset" 824
"../../../ProtoShoot1/Content/AbandonedHospitalPack/Models/Props/toiletBox_door.uasset" 825
"../../../ProtoShoot1/Content/AbandonedHospitalPack/Models/Props/toiletBoxWall.uasset" 826
"../../../ProtoShoot1/Content/AbandonedHospitalPack/Textures/AbandonedHospital_UE4_LUT.uasset" 827
"../../../ProtoShoot1/Content/AbandonedHospitalPack/ExampleMap/AbandonedHospital_example.umap" 828
"../../../ProtoShoot1/Content/SF_Service_Rooms/Textures/vent_box_albedo.uasset" 829
"../../../ProtoShoot1/Content/SF_Service_Rooms/Textures/vent_box_metallic_roughness.uasset" 830
"../../../ProtoShoot1/Content/SF_Service_Rooms/Textures/vent_box_normal.uasset" 831
"../../../ProtoShoot1/Content/SF_Service_Rooms/Materials/vents_box.uasset" 832
"../../../ProtoShoot1/Content/SF_Service_Rooms/Models/Adorments/vent_box_main.uasset" 833
"../../../ProtoShoot1/Content/SF_Service_Rooms/Models/Adorments/vent_box_propeller.uasset" 834
"../../../ProtoShoot1/Content/SF_Service_Rooms/Models/Adorments/vent_box_dynamic.uasset" 835
"../../../ProtoShoot1/Content/SF_Service_Rooms/Textures/wallCap_A_C.uasset" 836
"../../../ProtoShoot1/Content/SF_Service_Rooms/Textures/wallCap_A_MR.uasset" 837
"../../../ProtoShoot1/Content/SF_Service_Rooms/Textures/wallCap_A_N.uasset" 838
"../../../ProtoShoot1/Content/SF_Service_Rooms/Materials/wallCap_A.uasset" 839
"../../../ProtoShoot1/Content/SF_Service_Rooms/Models/Doors/doorsBig_A_L.uasset" 840
"../../../ProtoShoot1/Content/SF_Service_Rooms/Models/Doors/doorsBig_A_R.uasset" 841
"../../../ProtoShoot1/Content/SF_Service_Rooms/Models/Doors/doorsBig.uasset" 842
"../../../ProtoShoot1/Content/SF_Service_Rooms/Textures/doors_small_C.uasset" 843
"../../../ProtoShoot1/Content/SF_Service_Rooms/Textures/doors_small_MR.uasset" 844
"../../../ProtoShoot1/Content/SF_Service_Rooms/Textures/doors_small_N.uasset" 845
"../../../ProtoShoot1/Content/SF_Service_Rooms/Materials/doors_small.uasset" 846
"../../../ProtoShoot1/Content/SF_Service_Rooms/Materials/fakeGlass.uasset" 847
"../../../ProtoShoot1/Content/SF_Service_Rooms/Models/Doors/doors_small.uasset" 848
"../../../ProtoShoot1/Content/SF_Service_Rooms/Models/Doors/doors_small_jamb.uasset" 849
"../../../ProtoShoot1/Content/SF_Service_Rooms/Models/Doors/doorsSmall.uasset" 850
"../../../ProtoShoot1/Content/SF_Service_Rooms/Textures/wallAdorments_A_C.uasset" 851
"../../../ProtoShoot1/Content/SF_Service_Rooms/Textures/wallAdorments_A_MR.uasset" 852
"../../../ProtoShoot1/Content/SF_Service_Rooms/Textures/wallAdorments_A_N.uasset" 853
"../../../ProtoShoot1/Content/SF_Service_Rooms/Materials/wallAdorments_A.uasset" 854
"../../../ProtoShoot1/Content/SF_Service_Rooms/Materials/wallAdorments_A_emit.uasset" 855
"../../../ProtoShoot1/Content/SF_Service_Rooms/Models/Lights/light_B.uasset" 856
"../../../ProtoShoot1/Content/SF_Service_Rooms/Models/Lights/light_stand.uasset" 857
"../../../ProtoShoot1/Content/SF_Service_Rooms/Models/Lights/light_B_Blueprint2.uasset" 858
"../../../ProtoShoot1/Content/BPMain/Interface/Title/BP_Title_Pawn.uasset" 859
"../../../ProtoShoot1/Content/BPMain/Interface/Title/BP_Title_PlayerCon.uasset" 860
"../../../ProtoShoot1/Content/BPMain/Interface/Title/BP_Ttile_GameMode.uasset" 861
"../../../ProtoShoot1/Content/SF_Service_Rooms/Textures/vent_wall_albedo.uasset" 862
"../../../ProtoShoot1/Content/SF_Service_Rooms/Textures/vent_wall_metallic_roughness.uasset" 863
"../../../ProtoShoot1/Content/SF_Service_Rooms/Textures/vent_wall_normal.uasset" 864
"../../../ProtoShoot1/Content/SF_Service_Rooms/Materials/vents_wall.uasset" 865
"../../../ProtoShoot1/Content/SF_Service_Rooms/Models/Adorments/vent_wall_main.uasset" 866
"../../../ProtoShoot1/Content/SF_Service_Rooms/Models/Adorments/vent_wall_propeller.uasset" 867
"../../../ProtoShoot1/Content/SF_Service_Rooms/Models/Adorments/vent_wall_dynamic.uasset" 868
"../../../ProtoShoot1/Content/SF_Service_Rooms/Textures/mothership_lightEmission.uasset" 869
"../../../ProtoShoot1/Content/SF_Service_Rooms/Materials/emissive.uasset" 870
"../../../ProtoShoot1/Content/SF_Service_Rooms/Models/Lights/light_A.uasset" 871
"../../../ProtoShoot1/Content/SF_Service_Rooms/Models/Lights/light_A_Blueprint.uasset" 872
"../../../ProtoShoot1/Content/SF_Service_Rooms/Textures/mothership_lightEmission_Orange.uasset" 873
"../../../ProtoShoot1/Content/SF_Service_Rooms/Materials/emissive_orange.uasset" 874
"../../../ProtoShoot1/Content/SF_Service_Rooms/Models/Lights/light_C.uasset" 875
"../../../ProtoShoot1/Content/SF_Service_Rooms/Models/Lights/light_C_Blueprint.uasset" 876
"../../../ProtoShoot1/Content/SF_Service_Rooms/Textures/floorTile_B_C.uasset" 877
"../../../ProtoShoot1/Content/SF_Service_Rooms/Textures/floorTile_B_MR.uasset" 878
"../../../ProtoShoot1/Content/SF_Service_Rooms/Textures/floorTile_B_N.uasset" 879
"../../../ProtoShoot1/Content/SF_Service_Rooms/Materials/floorTile_B.uasset" 880
"../../../ProtoShoot1/Content/SF_Service_Rooms/Textures/floorTile_C_C.uasset" 881
"../../../ProtoShoot1/Content/SF_Service_Rooms/Textures/floorTile_C_MR.uasset" 882
"../../../ProtoShoot1/Content/SF_Service_Rooms/Textures/floorTile_C_N.uasset" 883
"../../../ProtoShoot1/Content/SF_Service_Rooms/Materials/floorTile_C.uasset" 884
"../../../ProtoShoot1/Content/SF_Service_Rooms/Textures/floorTile_D_A.uasset" 885
"../../../ProtoShoot1/Content/SF_Service_Rooms/Textures/floorTile_D_N.uasset" 886
"../../../ProtoShoot1/Content/SF_Service_Rooms/Textures/floorTile_D_R.uasset" 887
"../../../ProtoShoot1/Content/SF_Service_Rooms/Materials/floorTile_D.uasset" 888
"../../../ProtoShoot1/Content/SF_Service_Rooms/Models/Adorments/cailingCables.uasset" 889
"../../../ProtoShoot1/Content/SF_Service_Rooms/Models/Adorments/cailingCables_closed.uasset" 890
"../../../ProtoShoot1/Content/SF_Service_Rooms/Textures/wallTile_A_C.uasset" 891
"../../../ProtoShoot1/Content/SF_Service_Rooms/Textures/wallTile_A_MR.uasset" 892
"../../../ProtoShoot1/Content/SF_Service_Rooms/Textures/wallTile_A_N.uasset" 893
"../../../ProtoShoot1/Content/SF_Service_Rooms/Materials/wallTile_A.uasset" 894
"../../../ProtoShoot1/Content/SF_Service_Rooms/Models/Adorments/capWindow_A.uasset" 895
"../../../ProtoShoot1/Content/SF_Service_Rooms/Models/Adorments/capWindow_B.uasset" 896
"../../../ProtoShoot1/Content/SF_Service_Rooms/Models/Adorments/mothership_adorment_A.uasset" 897
"../../../ProtoShoot1/Content/SF_Service_Rooms/Textures/crate_alphaTest.uasset" 898
"../../../ProtoShoot1/Content/SF_Service_Rooms/Textures/crate_alphaTest_MR.uasset" 899
"../../../ProtoShoot1/Content/SF_Service_Rooms/Textures/crate_alphaTest_N.uasset" 900
"../../../ProtoShoot1/Content/SF_Service_Rooms/Materials/crate_AT.uasset" 901
"../../../ProtoShoot1/Content/SF_Service_Rooms/Textures/tiledHull_C.uasset" 902
"../../../ProtoShoot1/Content/SF_Service_Rooms/Textures/tiledHull_MR.uasset" 903
"../../../ProtoShoot1/Content/SF_Service_Rooms/Textures/tiledHull_N.uasset" 904
"../../../ProtoShoot1/Content/SF_Service_Rooms/Materials/tiledHull.uasset" 905
"../../../ProtoShoot1/Content/SF_Service_Rooms/Models/Adorments/mothership_adorment_B.uasset" 906
"../../../ProtoShoot1/Content/SF_Service_Rooms/Models/Adorments/mothership_adorment_cables.uasset" 907
"../../../ProtoShoot1/Content/SF_Service_Rooms/Models/Adorments/mothership_adorment_locker.uasset" 908
"../../../ProtoShoot1/Content/SF_Service_Rooms/Textures/blankScreen.uasset" 909
"../../../ProtoShoot1/Content/SF_Service_Rooms/Materials/screen_B.uasset" 910
"../../../ProtoShoot1/Content/SF_Service_Rooms/Models/Adorments/mothership_adorment_screens_A.uasset" 911
"../../../ProtoShoot1/Content/SF_Service_Rooms/Models/Adorments/mothership_adorment_screens_B.uasset" 912
"../../../ProtoShoot1/Content/SF_Service_Rooms/Models/Adorments/mothership_adorment_screens_C.uasset" 913
"../../../ProtoShoot1/Content/SF_Service_Rooms/Models/Adorments/mothership_adorment_shelf.uasset" 914
"../../../ProtoShoot1/Content/SF_Service_Rooms/Textures/workstation_panels.uasset" 915
"../../../ProtoShoot1/Content/SF_Service_Rooms/Materials/workstationPanels.uasset" 916
"../../../ProtoShoot1/Content/SF_Service_Rooms/Models/Adorments/mothership_adorment_workStation_A.uasset" 917
"../../../ProtoShoot1/Content/SF_Service_Rooms/Models/Adorments/pipesSegment_A.uasset" 918
"../../../ProtoShoot1/Content/SF_Service_Rooms/Textures/wallTile_B_C.uasset" 919
"../../../ProtoShoot1/Content/SF_Service_Rooms/Textures/wallTile_B_MR.uasset" 920
"../../../ProtoShoot1/Content/SF_Service_Rooms/Textures/wallTile_B_N.uasset" 921
"../../../ProtoShoot1/Content/SF_Service_Rooms/Materials/wallTile_B.uasset" 922
"../../../ProtoShoot1/Content/SF_Service_Rooms/Models/CorridorsAndWalls/corridor_A_doorway.uasset" 923
"../../../ProtoShoot1/Content/SF_Service_Rooms/Textures/floorTile_A_C.uasset" 924
"../../../ProtoShoot1/Content/SF_Service_Rooms/Textures/floorTile_A_MR.uasset" 925
"../../../ProtoShoot1/Content/SF_Service_Rooms/Textures/floorTile_A_N.uasset" 926
"../../../ProtoShoot1/Content/SF_Service_Rooms/Materials/FloorTile_A.uasset" 927
"../../../ProtoShoot1/Content/SF_Service_Rooms/Models/CorridorsAndWalls/corridor_A_entrance.uasset" 928
"../../../ProtoShoot1/Content/SF_Service_Rooms/Models/CorridorsAndWalls/corridor_A_tile.uasset" 929
"../../../ProtoShoot1/Content/SF_Service_Rooms/Models/CorridorsAndWalls/corridor_A_tile2.uasset" 930
"../../../ProtoShoot1/Content/SF_Service_Rooms/Models/CorridorsAndWalls/corridor_A_tile3.uasset" 931
"../../../ProtoShoot1/Content/SF_Service_Rooms/Models/CorridorsAndWalls/corridor_A_wall_A.uasset" 932
"../../../ProtoShoot1/Content/SF_Service_Rooms/Models/CorridorsAndWalls/corridor_A_wall_A_half.uasset" 933
"../../../ProtoShoot1/Content/SF_Service_Rooms/Models/CorridorsAndWalls/corridor_A_wall_B.uasset" 934
"../../../ProtoShoot1/Content/SF_Service_Rooms/Models/CorridorsAndWalls/corridor_A_wall_C.uasset" 935
"../../../ProtoShoot1/Content/SF_Service_Rooms/Models/CorridorsAndWalls/hangarWall_A.uasset" 936
"../../../ProtoShoot1/Content/SF_Service_Rooms/Materials/emissive_fakeWindow.uasset" 937
"../../../ProtoShoot1/Content/SF_Service_Rooms/Models/CorridorsAndWalls/hangarWall_A_window.uasset" 938
"../../../ProtoShoot1/Content/SF_Service_Rooms/Models/CorridorsAndWalls/mothership_segment_A.uasset" 939
"../../../ProtoShoot1/Content/SF_Service_Rooms/Materials/emissive_none.uasset" 940
"../../../ProtoShoot1/Content/SF_Service_Rooms/Models/CorridorsAndWalls/mothership_segment_B.uasset" 941
"../../../ProtoShoot1/Content/SF_Service_Rooms/Models/CorridorsAndWalls/segmentCap_A.uasset" 942
"../../../ProtoShoot1/Content/SF_Service_Rooms/Models/CorridorsAndWalls/segmentCorner_A.uasset" 943
"../../../ProtoShoot1/Content/SF_Service_Rooms/Models/CorridorsAndWalls/wall_A.uasset" 944
"../../../ProtoShoot1/Content/SF_Service_Rooms/Models/CorridorsAndWalls/wall_A_end.uasset" 945
"../../../ProtoShoot1/Content/SF_Service_Rooms/Models/CorridorsAndWalls/wall_A_half.uasset" 946
"../../../ProtoShoot1/Content/SF_Service_Rooms/Models/CorridorsAndWalls/wallCorner_A.uasset" 947
"../../../ProtoShoot1/Content/SF_Service_Rooms/Models/CorridorsAndWalls/wallCorner_A_half.uasset" 948
"../../../ProtoShoot1/Content/SF_Service_Rooms/Models/Planes/floorPlane_big.uasset" 949
"../../../ProtoShoot1/Content/SF_Service_Rooms/Models/Planes/floorPlane_detailed_A.uasset" 950
"../../../ProtoShoot1/Content/SF_Service_Rooms/Models/Planes/floorPlane_detailed_B.uasset" 951
"../../../ProtoShoot1/Content/SF_Service_Rooms/Models/Planes/floorPlane_small.uasset" 952
"../../../ProtoShoot1/Content/SF_Service_Rooms/Models/Planes/floorPlane_texB.uasset" 953
"../../../ProtoShoot1/Content/SF_Service_Rooms/Models/Planes/floorPlatform_small.uasset" 954
"../../../ProtoShoot1/Content/SF_Service_Rooms/Models/Planes/floorPlatform_small_half.uasset" 955
"../../../ProtoShoot1/Content/SF_Service_Rooms/Models/Platforms/platform_floor_B.uasset" 956
"../../../ProtoShoot1/Content/SF_Service_Rooms/Models/Platforms/platform_floor_B_float.uasset" 957
"../../../ProtoShoot1/Content/SF_Service_Rooms/Models/Platforms/platform_tile.uasset" 958
"../../../ProtoShoot1/Content/SF_Service_Rooms/Models/Platforms/platform_tile_B.uasset" 959
"../../../ProtoShoot1/Content/SF_Service_Rooms/Models/Platforms/platform_wallcorner_half.uasset" 960
"../../../ProtoShoot1/Content/SF_Service_Rooms/Models/Railings/railing_A.uasset" 961
"../../../ProtoShoot1/Content/SF_Service_Rooms/Models/Railings/railing_corner.uasset" 962
"../../../ProtoShoot1/Content/SF_Service_Rooms/Models/Railings/railing_platform_A.uasset" 963
"../../../ProtoShoot1/Content/SF_Service_Rooms/Models/Railings/railing_platform_floor_L.uasset" 964
"../../../ProtoShoot1/Content/SF_Service_Rooms/Models/Vents/vent_corner.uasset" 965
"../../../ProtoShoot1/Content/SF_Service_Rooms/Models/Vents/vent_doors.uasset" 966
"../../../ProtoShoot1/Content/SF_Service_Rooms/Models/Vents/vent_hanging_straight.uasset" 967
"../../../ProtoShoot1/Content/SF_Service_Rooms/Models/Vents/vent_straight.uasset" 968
"../../../ProtoShoot1/Content/SF_Service_Rooms/Textures/SF_MotherShip_LUT_A.uasset" 969
"../../../ProtoShoot1/Content/BPMain/Map/Title.umap" 970
